Log file open, 03/23/20 17:45:33
LogWindows: Failed to load 'aqProf.dll' (GetLastError=126)
LogWindows: File 'aqProf.dll' does not exist
LogWindows: Failed to load 'VtuneApi.dll' (GetLastError=126)
LogWindows: File 'VtuneApi.dll' does not exist
LogWindows: Failed to load 'VtuneApi32e.dll' (GetLastError=126)
LogWindows: File 'VtuneApi32e.dll' does not exist
LogConsoleResponse: Display: Failed to find resolution value strings in scalability ini. Falling back to default.
LogInit: Display: Running engine for game: Blastronaut
LogPlatformFile: Not using cached read wrapper
LogTaskGraph: Started task graph with 5 named threads and 26 total threads with 3 sets of task threads.
LogStats: Stats thread started at 0.044790
LogD3D11RHI: Loaded GFSDK_Aftermath_Lib.x64.dll
LogICUInternationalization: ICU TimeZone Detection - Raw Offset: -5:00, Platform Override: ''
LogPluginManager: Mounting plugin Paper2D
LogPluginManager: Mounting plugin AISupport
LogPluginManager: Mounting plugin LightPropagationVolume
LogPluginManager: Mounting plugin ActorLayerUtilities
LogPluginManager: Mounting plugin AnimationSharing
LogPluginManager: Mounting plugin CLionSourceCodeAccess
LogPluginManager: Mounting plugin CodeLiteSourceCodeAccess
LogPluginManager: Mounting plugin GitSourceControl
LogPluginManager: Mounting plugin KDevelopSourceCodeAccess
LogPluginManager: Mounting plugin NullSourceCodeAccess
LogPluginManager: Mounting plugin PerforceSourceControl
LogPluginManager: Mounting plugin PlasticSourceControl
LogPluginManager: Mounting plugin SubversionSourceControl
LogPluginManager: Mounting plugin UObjectPlugin
LogPluginManager: Mounting plugin VisualStudioCodeSourceCodeAccess
LogPluginManager: Mounting plugin VisualStudioSourceCodeAccess
LogPluginManager: Mounting plugin XCodeSourceCodeAccess
LogPluginManager: Mounting plugin AssetManagerEditor
LogPluginManager: Mounting plugin CryptoKeys
LogPluginManager: Mounting plugin CurveEditorTools
LogPluginManager: Mounting plugin DataValidation
LogPluginManager: Mounting plugin FacialAnimation
LogPluginManager: Mounting plugin GameplayTagsEditor
LogPluginManager: Mounting plugin MacGraphicsSwitching
LogPluginManager: Mounting plugin MaterialAnalyzer
LogPluginManager: Mounting plugin MobileLauncherProfileWizard
LogPluginManager: Mounting plugin PluginBrowser
LogPluginManager: Mounting plugin SpeedTreeImporter
LogPluginManager: Mounting plugin DatasmithContent
LogPluginManager: Mounting plugin VariantManagerContent
LogPluginManager: Mounting plugin AlembicImporter
LogPluginManager: Mounting plugin AutomationUtils
LogPluginManager: Mounting plugin BackChannel
LogPluginManager: Mounting plugin CharacterAI
LogPluginManager: Mounting plugin GeometryCache
LogPluginManager: Mounting plugin PlatformCrypto
LogPluginManager: Mounting plugin ProxyLODPlugin
LogPluginManager: Mounting plugin SkeletalReduction
LogPluginManager: Mounting plugin MagicLeap
LogPluginManager: Mounting plugin MagicLeapMedia
LogPluginManager: Mounting plugin MLSDK
LogPluginManager: Mounting plugin AndroidMedia
LogPluginManager: Mounting plugin AvfMedia
LogPluginManager: Mounting plugin ImgMedia
LogPluginManager: Mounting plugin MediaCompositing
LogPluginManager: Mounting plugin MediaPlayerEditor
LogPluginManager: Mounting plugin WebMMedia
LogPluginManager: Mounting plugin WmfMedia
LogPluginManager: Mounting plugin TcpMessaging
LogPluginManager: Mounting plugin UdpMessaging
LogPluginManager: Mounting plugin ActorSequence
LogPluginManager: Mounting plugin LevelSequenceEditor
LogPluginManager: Mounting plugin MatineeToLevelSequence
LogPluginManager: Mounting plugin NetcodeUnitTest
LogPluginManager: Mounting plugin NUTUnrealEngine4
LogPluginManager: Mounting plugin OnlineSubsystemGooglePlay
LogPluginManager: Mounting plugin OnlineSubsystemIOS
LogPluginManager: Mounting plugin OnlineSubsystem
LogPluginManager: Mounting plugin OnlineSubsystemNull
LogPluginManager: Mounting plugin OnlineSubsystemUtils
LogPluginManager: Mounting plugin LauncherChunkInstaller
LogPluginManager: Mounting plugin AndroidDeviceProfileSelector
LogPluginManager: Mounting plugin AndroidMoviePlayer
LogPluginManager: Mounting plugin AndroidPermission
LogPluginManager: Mounting plugin AppleImageUtils
LogPluginManager: Mounting plugin AppleMoviePlayer
LogPluginManager: Mounting plugin ArchVisCharacter
LogPluginManager: Mounting plugin AssetTags
LogPluginManager: Mounting plugin AudioCapture
LogPluginManager: Mounting plugin CableComponent
LogPluginManager: Mounting plugin CustomMeshComponent
LogPluginManager: Mounting plugin EditableMesh
LogPluginManager: Mounting plugin ExampleDeviceProfileSelector
LogPluginManager: Mounting plugin GoogleCloudMessaging
LogPluginManager: Mounting plugin IOSDeviceProfileSelector
LogPluginManager: Mounting plugin LinuxDeviceProfileSelector
LogPluginManager: Mounting plugin LocationServicesBPLibrary
LogPluginManager: Mounting plugin MobilePatchingUtils
LogPluginManager: Mounting plugin OculusVR
LogPluginManager: Mounting plugin PhysXVehicles
LogPluginManager: Mounting plugin PostSplashScreen
LogPluginManager: Mounting plugin ProceduralMeshComponent
LogPluginManager: Mounting plugin RuntimePhysXCooking
LogPluginManager: Mounting plugin SignificanceManager
LogPluginManager: Mounting plugin SteamVR
LogPluginManager: Mounting plugin WebMMoviePlayer
LogPluginManager: Mounting plugin WindowsMoviePlayer
LogPluginManager: Mounting plugin ScreenshotTools
LogInit: Using libcurl 7.55.1-DEV
LogInit:  - built for x86_64-pc-win32
LogInit:  - supports SSL with OpenSSL/1.1.1
LogInit:  - supports HTTP deflate (compression) using libz 1.2.8
LogInit:  - other features:
LogInit:      CURL_VERSION_SSL
LogInit:      CURL_VERSION_LIBZ
LogInit:      CURL_VERSION_IPV6
LogInit:      CURL_VERSION_ASYNCHDNS
LogInit:      CURL_VERSION_LARGEFILE
LogInit:      CURL_VERSION_IDN
LogInit:  CurlRequestOptions (configurable via config and command line):
LogInit:  - bVerifyPeer = true  - Libcurl will verify peer certificate
LogInit:  - bUseHttpProxy = false  - Libcurl will NOT use HTTP proxy
LogInit:  - bDontReuseConnections = false  - Libcurl will reuse connections
LogInit:  - MaxHostConnections = 16  - Libcurl will limit the number of connections to a host
LogInit:  - LocalHostAddr = Default
LogInit:  - BufferSize = 65536
LogOnline: OSS: Creating online subsystem instance for: NULL
LogInit: WinSock: version 1.1 (2.2), MaxSocks=32767, MaxUdp=65467
LogOnline: OSS: TryLoadSubsystemAndSetDefault: Loaded subsystem for module [NULL]
LogInit: Build: ++UE4+Release-4.24-CL-11590370
LogInit: Engine Version: 4.24.3-11590370+++UE4+Release-4.24
LogInit: Compatible Engine Version: 4.24.0-10570792+++UE4+Release-4.24
LogInit: Net CL: 10570792
LogInit: OS: Windows 10 (Release 1903) (), CPU: Intel(R) Core(TM) i7-9700K CPU @ 3.60GHz, GPU: NVIDIA GeForce RTX 2070
LogInit: Compiled (64-bit): Feb 24 2020 15:39:18
LogInit: Compiled with Visual C++: 19.16.27032.01
LogInit: Build Configuration: Development
LogInit: Branch Name: ++UE4+Release-4.24
LogInit: Command Line:  -EpicPortal -epicusername=tstarr96 -epicuserid=b25c6638fb2749cdb624668b37f2e02e -epiclocale=en
LogInit: Base Directory: C:/Program Files/Epic Games/UE_4.24/Engine/Binaries/Win64/
LogInit: Installed Engine Build: 1
LogDevObjectVersion: Number of dev versions registered: 25
LogDevObjectVersion:   Dev-Blueprints (B0D832E4-1F89-4F0D-ACCF-7EB736FD4AA2): 10
LogDevObjectVersion:   Dev-Build (E1C64328-A22C-4D53-A36C-8E866417BD8C): 0
LogDevObjectVersion:   Dev-Core (375EC13C-06E4-48FB-B500-84F0262A717E): 3
LogDevObjectVersion:   Dev-Editor (E4B068ED-F494-42E9-A231-DA0B2E46BB41): 37
LogDevObjectVersion:   Dev-Framework (CFFC743F-43B0-4480-9391-14DF171D2073): 36
LogDevObjectVersion:   Dev-Mobile (B02B49B5-BB20-44E9-A304-32B752E40360): 2
LogDevObjectVersion:   Dev-Networking (A4E4105C-59A1-49B5-A7C5-40C4547EDFEE): 0
LogDevObjectVersion:   Dev-Online (39C831C9-5AE6-47DC-9A44-9C173E1C8E7C): 0
LogDevObjectVersion:   Dev-Physics (78F01B33-EBEA-4F98-B9B4-84EACCB95AA2): 2
LogDevObjectVersion:   Dev-Platform (6631380F-2D4D-43E0-8009-CF276956A95A): 0
LogDevObjectVersion:   Dev-Rendering (12F88B9F-8875-4AFC-A67C-D90C383ABD29): 36
LogDevObjectVersion:   Dev-Sequencer (7B5AE74C-D270-4C10-A958-57980B212A5A): 11
LogDevObjectVersion:   Dev-VR (D7296918-1DD6-4BDD-9DE2-64A83CC13884): 2
LogDevObjectVersion:   Dev-LoadTimes (C2A15278-BFE7-4AFE-6C17-90FF531DF755): 1
LogDevObjectVersion:   Private-Geometry (6EACA3D4-40EC-4CC1-B786-8BED09428FC5): 3
LogDevObjectVersion:   Dev-AnimPhys (29E575DD-E0A3-4627-9D10-D276232CDCEA): 17
LogDevObjectVersion:   Dev-Anim (AF43A65D-7FD3-4947-9873-3E8ED9C1BB05): 2
LogDevObjectVersion:   Dev-ReflectionCapture (6B266CEC-1EC7-4B8F-A30B-E4D90942FC07): 1
LogDevObjectVersion:   Dev-Automation (0DF73D61-A23F-47EA-B727-89E90C41499A): 1
LogDevObjectVersion:   FortniteMain (601D1886-AC64-4F84-AA16-D3DE0DEAC7D6): 31
LogDevObjectVersion:   Dev-Enterprise (9DFFBCD6-494F-0158-E221-12823C92A888): 8
LogDevObjectVersion:   Dev-Niagara (F2AED0AC-9AFE-416F-8664-AA7FFA26D6FC): 1
LogDevObjectVersion:   Dev-Destruction (174F1F0B-B4C6-45A5-B13F-2EE8D0FB917D): 9
LogDevObjectVersion:   Dev-Physics-Ext (35F94A83-E258-406C-A318-09F59610247C): 8
LogDevObjectVersion:   Dev-CineCamera (B2E18506-4273-CFC2-A54E-F4BB758BBA07): 1
LogInit: Presizing for max 25165824 objects, including 0 objects not considered by GC, pre-allocating 0 bytes for permanent pool.
LogInit: Object subsystem initialized
LogConfig: Setting CVar [[con.DebugEarlyDefault:1]]
LogConfig: Setting CVar [[r.setres:1280x720]]
[2020.03.23-21.45.33:547][  0]LogConfig: Setting CVar [[r.VSync:0]]
[2020.03.23-21.45.33:547][  0]LogConfig: Setting CVar [[r.RHICmdBypass:0]]
[2020.03.23-21.45.33:547][  0]LogConfig: Applying CVar settings from Section [/Script/Engine.RendererSettings] File [C:/Users/Owner/Desktop/GitHubFolder/Blastronaut/Blastronaut/Saved/Config/Windows/Engine.ini]
[2020.03.23-21.45.33:547][  0]LogConfig: Setting CVar [[r.GPUCrashDebugging:0]]
[2020.03.23-21.45.33:547][  0]LogConfig: Applying CVar settings from Section [/Script/Engine.RendererOverrideSettings] File [C:/Users/Owner/Desktop/GitHubFolder/Blastronaut/Blastronaut/Saved/Config/Windows/Engine.ini]
[2020.03.23-21.45.33:547][  0]LogConfig: Applying CVar settings from Section [/Script/Engine.StreamingSettings] File [C:/Users/Owner/Desktop/GitHubFolder/Blastronaut/Blastronaut/Saved/Config/Windows/Engine.ini]
[2020.03.23-21.45.33:547][  0]LogConfig: Setting CVar [[s.MinBulkDataSizeForAsyncLoading:131072]]
[2020.03.23-21.45.33:548][  0]LogConfig: Setting CVar [[s.AsyncLoadingThreadEnabled:0]]
[2020.03.23-21.45.33:548][  0]LogConfig: Setting CVar [[s.EventDrivenLoaderEnabled:1]]
[2020.03.23-21.45.33:548][  0]LogConfig: Setting CVar [[s.WarnIfTimeLimitExceeded:0]]
[2020.03.23-21.45.33:548][  0]LogConfig: Setting CVar [[s.TimeLimitExceededMultiplier:1.5]]
[2020.03.23-21.45.33:548][  0]LogConfig: Setting CVar [[s.TimeLimitExceededMinTime:0.005]]
[2020.03.23-21.45.33:548][  0]LogConfig: Setting CVar [[s.UseBackgroundLevelStreaming:1]]
[2020.03.23-21.45.33:548][  0]LogConfig: Setting CVar [[s.PriorityAsyncLoadingExtraTime:15.0]]
[2020.03.23-21.45.33:548][  0]LogConfig: Setting CVar [[s.LevelStreamingActorsUpdateTimeLimit:5.0]]
[2020.03.23-21.45.33:548][  0]LogConfig: Setting CVar [[s.PriorityLevelStreamingActorsUpdateExtraTime:5.0]]
[2020.03.23-21.45.33:548][  0]LogConfig: Setting CVar [[s.LevelStreamingComponentsRegistrationGranularity:10]]
[2020.03.23-21.45.33:548][  0]LogConfig: Setting CVar [[s.UnregisterComponentsTimeLimit:1.0]]
[2020.03.23-21.45.33:548][  0]LogConfig: Setting CVar [[s.LevelStreamingComponentsUnregistrationGranularity:5]]
[2020.03.23-21.45.33:548][  0]LogConfig: Setting CVar [[s.FlushStreamingOnExit:1]]
[2020.03.23-21.45.33:548][  0]LogConfig: Applying CVar settings from Section [/Script/Engine.GarbageCollectionSettings] File [C:/Users/Owner/Desktop/GitHubFolder/Blastronaut/Blastronaut/Saved/Config/Windows/Engine.ini]
[2020.03.23-21.45.33:548][  0]LogConfig: Setting CVar [[gc.MaxObjectsNotConsideredByGC:1]]
[2020.03.23-21.45.33:548][  0]LogConfig: Setting CVar [[gc.SizeOfPermanentObjectPool:0]]
[2020.03.23-21.45.33:548][  0]LogConfig: Setting CVar [[gc.FlushStreamingOnGC:0]]
[2020.03.23-21.45.33:548][  0]LogConfig: Setting CVar [[gc.NumRetriesBeforeForcingGC:10]]
[2020.03.23-21.45.33:548][  0]LogConfig: Setting CVar [[gc.AllowParallelGC:1]]
[2020.03.23-21.45.33:548][  0]LogConfig: Setting CVar [[gc.TimeBetweenPurgingPendingKillObjects:61.1]]
[2020.03.23-21.45.33:548][  0]LogConfig: Setting CVar [[gc.MaxObjectsInEditor:25165824]]
[2020.03.23-21.45.33:548][  0]LogConfig: Setting CVar [[gc.IncrementalBeginDestroyEnabled:1]]
[2020.03.23-21.45.33:548][  0]LogConfig: Setting CVar [[gc.CreateGCClusters:1]]
[2020.03.23-21.45.33:548][  0]LogConfig: Setting CVar [[gc.MinGCClusterSize:5]]
[2020.03.23-21.45.33:548][  0]LogConfig: Setting CVar [[gc.ActorClusteringEnabled:0]]
[2020.03.23-21.45.33:548][  0]LogConfig: Setting CVar [[gc.BlueprintClusteringEnabled:0]]
[2020.03.23-21.45.33:548][  0]LogConfig: Setting CVar [[gc.UseDisregardForGCOnDedicatedServers:0]]
[2020.03.23-21.45.33:548][  0]LogConfig: Applying CVar settings from Section [/Script/Engine.NetworkSettings] File [C:/Users/Owner/Desktop/GitHubFolder/Blastronaut/Blastronaut/Saved/Config/Windows/Engine.ini]
[2020.03.23-21.45.33:548][  0]LogConfig: Applying CVar settings from Section [/Script/UnrealEd.CookerSettings] File [C:/Users/Owner/Desktop/GitHubFolder/Blastronaut/Blastronaut/Saved/Config/Windows/Engine.ini]
[2020.03.23-21.45.33:549][  0]LogConfig: Applying CVar settings from Section [ViewDistanceQuality@3] File [C:/Users/Owner/Desktop/GitHubFolder/Blastronaut/Blastronaut/Saved/Config/Windows/Scalability.ini]
[2020.03.23-21.45.33:549][  0]LogConfig: Setting CVar [[r.SkeletalMeshLODBias:0]]
[2020.03.23-21.45.33:549][  0]LogConfig: Setting CVar [[r.ViewDistanceScale:1.0]]
[2020.03.23-21.45.33:549][  0]LogConfig: Applying CVar settings from Section [AntiAliasingQuality@3] File [C:/Users/Owner/Desktop/GitHubFolder/Blastronaut/Blastronaut/Saved/Config/Windows/Scalability.ini]
[2020.03.23-21.45.33:549][  0]LogConfig: Setting CVar [[r.PostProcessAAQuality:4]]
[2020.03.23-21.45.33:549][  0]LogConfig: Applying CVar settings from Section [ShadowQuality@3] File [C:/Users/Owner/Desktop/GitHubFolder/Blastronaut/Blastronaut/Saved/Config/Windows/Scalability.ini]
[2020.03.23-21.45.33:549][  0]LogConfig: Setting CVar [[r.LightFunctionQuality:1]]
[2020.03.23-21.45.33:549][  0]LogConfig: Setting CVar [[r.ShadowQuality:5]]
[2020.03.23-21.45.33:549][  0]LogConfig: Setting CVar [[r.Shadow.CSM.MaxCascades:10]]
[2020.03.23-21.45.33:549][  0]LogConfig: Setting CVar [[r.Shadow.MaxResolution:2048]]
[2020.03.23-21.45.33:549][  0]LogConfig: Setting CVar [[r.Shadow.MaxCSMResolution:2048]]
[2020.03.23-21.45.33:549][  0]LogConfig: Setting CVar [[r.Shadow.RadiusThreshold:0.01]]
[2020.03.23-21.45.33:549][  0]LogConfig: Setting CVar [[r.Shadow.DistanceScale:1.0]]
[2020.03.23-21.45.33:549][  0]LogConfig: Setting CVar [[r.Shadow.CSM.TransitionScale:1.0]]
[2020.03.23-21.45.33:549][  0]LogConfig: Setting CVar [[r.Shadow.PreShadowResolutionFactor:1.0]]
[2020.03.23-21.45.33:549][  0]LogConfig: Setting CVar [[r.DistanceFieldShadowing:1]]
[2020.03.23-21.45.33:549][  0]LogConfig: Setting CVar [[r.DistanceFieldAO:1]]
[2020.03.23-21.45.33:549][  0]LogConfig: Setting CVar [[r.AOQuality:2]]
[2020.03.23-21.45.33:549][  0]LogConfig: Setting CVar [[r.VolumetricFog:1]]
[2020.03.23-21.45.33:549][  0]LogConfig: Setting CVar [[r.VolumetricFog.GridPixelSize:8]]
[2020.03.23-21.45.33:549][  0]LogConfig: Setting CVar [[r.VolumetricFog.GridSizeZ:128]]
[2020.03.23-21.45.33:549][  0]LogConfig: Setting CVar [[r.VolumetricFog.HistoryMissSupersampleCount:4]]
[2020.03.23-21.45.33:549][  0]LogConfig: Setting CVar [[r.LightMaxDrawDistanceScale:1]]
[2020.03.23-21.45.33:549][  0]LogConfig: Setting CVar [[r.CapsuleShadows:1]]
[2020.03.23-21.45.33:549][  0]LogConfig: Applying CVar settings from Section [PostProcessQuality@3] File [C:/Users/Owner/Desktop/GitHubFolder/Blastronaut/Blastronaut/Saved/Config/Windows/Scalability.ini]
[2020.03.23-21.45.33:549][  0]LogConfig: Setting CVar [[r.MotionBlurQuality:4]]
[2020.03.23-21.45.33:549][  0]LogConfig: Setting CVar [[r.AmbientOcclusionMipLevelFactor:0.4]]
[2020.03.23-21.45.33:549][  0]LogConfig: Setting CVar [[r.AmbientOcclusionMaxQuality:100]]
[2020.03.23-21.45.33:549][  0]LogConfig: Setting CVar [[r.AmbientOcclusionLevels:-1]]
[2020.03.23-21.45.33:549][  0]LogConfig: Setting CVar [[r.AmbientOcclusionRadiusScale:1.0]]
[2020.03.23-21.45.33:549][  0]LogConfig: Setting CVar [[r.DepthOfFieldQuality:2]]
[2020.03.23-21.45.33:549][  0]LogConfig: Setting CVar [[r.RenderTargetPoolMin:400]]
[2020.03.23-21.45.33:549][  0]LogConfig: Setting CVar [[r.LensFlareQuality:2]]
[2020.03.23-21.45.33:549][  0]LogConfig: Setting CVar [[r.SceneColorFringeQuality:1]]
[2020.03.23-21.45.33:549][  0]LogConfig: Setting CVar [[r.EyeAdaptationQuality:2]]
[2020.03.23-21.45.33:549][  0]LogConfig: Setting CVar [[r.BloomQuality:5]]
[2020.03.23-21.45.33:549][  0]LogConfig: Setting CVar [[r.FastBlurThreshold:100]]
[2020.03.23-21.45.33:549][  0]LogConfig: Setting CVar [[r.Upscale.Quality:3]]
[2020.03.23-21.45.33:549][  0]LogConfig: Setting CVar [[r.Tonemapper.GrainQuantization:1]]
[2020.03.23-21.45.33:549][  0]LogConfig: Setting CVar [[r.LightShaftQuality:1]]
[2020.03.23-21.45.33:549][  0]LogConfig: Setting CVar [[r.Filter.SizeScale:1]]
[2020.03.23-21.45.33:549][  0]LogConfig: Setting CVar [[r.Tonemapper.Quality:5]]
[2020.03.23-21.45.33:549][  0]LogConfig: Setting CVar [[r.DOF.Gather.AccumulatorQuality:1        ; higher gathering accumulator quality]]
[2020.03.23-21.45.33:549][  0]LogConfig: Setting CVar [[r.DOF.Gather.PostfilterMethod:1          ; Median3x3 postfilering method]]
[2020.03.23-21.45.33:549][  0]LogConfig: Setting CVar [[r.DOF.Gather.EnableBokehSettings:0       ; no bokeh simulation when gathering]]
[2020.03.23-21.45.33:549][  0]LogConfig: Setting CVar [[r.DOF.Gather.RingCount:4                 ; medium number of samples when gathering]]
[2020.03.23-21.45.33:549][  0]LogConfig: Setting CVar [[r.DOF.Scatter.ForegroundCompositing:1    ; additive foreground scattering]]
[2020.03.23-21.45.33:549][  0]LogConfig: Setting CVar [[r.DOF.Scatter.BackgroundCompositing:2    ; additive background scattering]]
[2020.03.23-21.45.33:549][  0]LogConfig: Setting CVar [[r.DOF.Scatter.EnableBokehSettings:1      ; bokeh simulation when scattering]]
[2020.03.23-21.45.33:550][  0]LogConfig: Setting CVar [[r.DOF.Scatter.MaxSpriteRatio:0.1         ; only a maximum of 10% of scattered bokeh]]
[2020.03.23-21.45.33:550][  0]LogConfig: Setting CVar [[r.DOF.Recombine.Quality:1                ; cheap slight out of focus]]
[2020.03.23-21.45.33:550][  0]LogConfig: Setting CVar [[r.DOF.Recombine.EnableBokehSettings:0    ; no bokeh simulation on slight out of focus]]
[2020.03.23-21.45.33:550][  0]LogConfig: Setting CVar [[r.DOF.TemporalAAQuality:1                ; more stable temporal accumulation]]
[2020.03.23-21.45.33:550][  0]LogConfig: Setting CVar [[r.DOF.Kernel.MaxForegroundRadius:0.025]]
[2020.03.23-21.45.33:550][  0]LogConfig: Setting CVar [[r.DOF.Kernel.MaxBackgroundRadius:0.025]]
[2020.03.23-21.45.33:550][  0]LogConfig: Applying CVar settings from Section [TextureQuality@3] File [C:/Users/Owner/Desktop/GitHubFolder/Blastronaut/Blastronaut/Saved/Config/Windows/Scalability.ini]
[2020.03.23-21.45.33:550][  0]LogConfig: Setting CVar [[r.Streaming.MipBias:0]]
[2020.03.23-21.45.33:550][  0]LogConfig: Setting CVar [[r.Streaming.AmortizeCPUToGPUCopy:0]]
[2020.03.23-21.45.33:550][  0]LogConfig: Setting CVar [[r.Streaming.MaxNumTexturesToStreamPerFrame:0]]
[2020.03.23-21.45.33:550][  0]LogConfig: Setting CVar [[r.Streaming.Boost:1]]
[2020.03.23-21.45.33:550][  0]LogConfig: Setting CVar [[r.MaxAnisotropy:8]]
[2020.03.23-21.45.33:550][  0]LogConfig: Setting CVar [[r.VT.MaxAnisotropy:8]]
[2020.03.23-21.45.33:550][  0]LogConfig: Setting CVar [[r.Streaming.LimitPoolSizeToVRAM:0]]
[2020.03.23-21.45.33:550][  0]LogConfig: Setting CVar [[r.Streaming.PoolSize:1000]]
[2020.03.23-21.45.33:550][  0]LogConfig: Setting CVar [[r.Streaming.MaxEffectiveScreenSize:0]]
[2020.03.23-21.45.33:550][  0]LogConfig: Applying CVar settings from Section [EffectsQuality@3] File [C:/Users/Owner/Desktop/GitHubFolder/Blastronaut/Blastronaut/Saved/Config/Windows/Scalability.ini]
[2020.03.23-21.45.33:550][  0]LogConfig: Setting CVar [[r.TranslucencyLightingVolumeDim:64]]
[2020.03.23-21.45.33:550][  0]LogConfig: Setting CVar [[r.RefractionQuality:2]]
[2020.03.23-21.45.33:550][  0]LogConfig: Setting CVar [[r.SSR.Quality:3]]
[2020.03.23-21.45.33:550][  0]LogConfig: Setting CVar [[r.SSR.HalfResSceneColor:0]]
[2020.03.23-21.45.33:550][  0]LogConfig: Setting CVar [[r.SceneColorFormat:4]]
[2020.03.23-21.45.33:550][  0]LogConfig: Setting CVar [[r.DetailMode:2]]
[2020.03.23-21.45.33:550][  0]LogConfig: Setting CVar [[r.TranslucencyVolumeBlur:1]]
[2020.03.23-21.45.33:550][  0]LogConfig: Setting CVar [[r.MaterialQualityLevel:1 ; High quality]]
[2020.03.23-21.45.33:550][  0]LogConfig: Setting CVar [[r.SSS.Scale:1]]
[2020.03.23-21.45.33:550][  0]LogConfig: Setting CVar [[r.SSS.SampleSet:2]]
[2020.03.23-21.45.33:550][  0]LogConfig: Setting CVar [[r.SSS.Quality:1]]
[2020.03.23-21.45.33:550][  0]LogConfig: Setting CVar [[r.SSS.HalfRes:1]]
[2020.03.23-21.45.33:550][  0]LogConfig: Setting CVar [[r.SSGI.Quality:3]]
[2020.03.23-21.45.33:550][  0]LogConfig: Setting CVar [[r.EmitterSpawnRateScale:1.0]]
[2020.03.23-21.45.33:550][  0]LogConfig: Setting CVar [[r.ParticleLightQuality:2]]
[2020.03.23-21.45.33:550][  0]LogConfig: Setting CVar [[r.SkyAtmosphere.AerialPerspectiveLUT.FastApplyOnOpaque:1 ; Always have FastSkyLUT 1 in this case to avoid wrong sky]]
[2020.03.23-21.45.33:550][  0]LogConfig: Setting CVar [[r.SkyAtmosphere.AerialPerspectiveLUT.SampleCountPerSlice:1]]
[2020.03.23-21.45.33:550][  0]LogConfig: Setting CVar [[r.SkyAtmosphere.AerialPerspectiveLUT.DepthResolution:16.0]]
[2020.03.23-21.45.33:550][  0]LogConfig: Setting CVar [[r.SkyAtmosphere.FastSkyLUT:1]]
[2020.03.23-21.45.33:550][  0]LogConfig: Setting CVar [[r.SkyAtmosphere.FastSkyLUT.SampleCountMin:4.0]]
[2020.03.23-21.45.33:550][  0]LogConfig: Setting CVar [[r.SkyAtmosphere.FastSkyLUT.SampleCountMax:32.0]]
[2020.03.23-21.45.33:550][  0]LogConfig: Setting CVar [[r.SkyAtmosphere.SampleCountMin:4.0]]
[2020.03.23-21.45.33:550][  0]LogConfig: Setting CVar [[r.SkyAtmosphere.SampleCountMax:32.0]]
[2020.03.23-21.45.33:550][  0]LogConfig: Setting CVar [[r.SkyAtmosphere.TransmittanceLUT.UseSmallFormat:0]]
[2020.03.23-21.45.33:550][  0]LogConfig: Setting CVar [[r.SkyAtmosphere.TransmittanceLUT.SampleCount:10.0]]
[2020.03.23-21.45.33:550][  0]LogConfig: Setting CVar [[r.SkyAtmosphere.MultiScatteringLUT.SampleCount:15.0]]
[2020.03.23-21.45.33:550][  0]LogConfig: Applying CVar settings from Section [FoliageQuality@3] File [C:/Users/Owner/Desktop/GitHubFolder/Blastronaut/Blastronaut/Saved/Config/Windows/Scalability.ini]
[2020.03.23-21.45.33:550][  0]LogConfig: Setting CVar [[foliage.DensityScale:1.0]]
[2020.03.23-21.45.33:550][  0]LogConfig: Setting CVar [[grass.DensityScale:1.0]]
[2020.03.23-21.45.33:550][  0]LogConfig: Applying CVar settings from Section [ShadingQuality@3] File [C:/Users/Owner/Desktop/GitHubFolder/Blastronaut/Blastronaut/Saved/Config/Windows/Scalability.ini]
[2020.03.23-21.45.33:550][  0]LogConfig: Setting CVar [[r.HairStrands.SkyLighting.SampleCount:16]]
[2020.03.23-21.45.33:550][  0]LogConfig: Setting CVar [[r.HairStrands.SkyLighting.JitterIntegration:0]]
[2020.03.23-21.45.33:550][  0]LogConfig: Setting CVar [[r.HairStrands.SkyAO.SampleCount:16]]
[2020.03.23-21.45.33:550][  0]LogInit: Selected Device Profile: [Windows]
[2020.03.23-21.45.33:550][  0]LogInit: Applying CVar settings loaded from the selected device profile: [Windows]
[2020.03.23-21.45.33:552][  0]LogHAL: Display: Platform has ~ 32 GB [34291015680 / 34359738368 / 32], which maps to Largest [LargestMinGB=32, LargerMinGB=12, DefaultMinGB=8, SmallerMinGB=6, SmallestMinGB=0)
[2020.03.23-21.45.33:552][  0]LogInit: Going up to parent DeviceProfile []
[2020.03.23-21.45.33:552][  0]LogConfig: Applying CVar settings from Section [ViewDistanceQuality@3] File [C:/Users/Owner/Desktop/GitHubFolder/Blastronaut/Blastronaut/Saved/Config/Windows/Scalability.ini]
[2020.03.23-21.45.33:552][  0]LogConfig: Setting CVar [[r.SkeletalMeshLODBias:0]]
[2020.03.23-21.45.33:552][  0]LogConfig: Setting CVar [[r.ViewDistanceScale:1.0]]
[2020.03.23-21.45.33:552][  0]LogConfig: Applying CVar settings from Section [AntiAliasingQuality@3] File [C:/Users/Owner/Desktop/GitHubFolder/Blastronaut/Blastronaut/Saved/Config/Windows/Scalability.ini]
[2020.03.23-21.45.33:552][  0]LogConfig: Setting CVar [[r.PostProcessAAQuality:4]]
[2020.03.23-21.45.33:552][  0]LogConfig: Applying CVar settings from Section [ShadowQuality@3] File [C:/Users/Owner/Desktop/GitHubFolder/Blastronaut/Blastronaut/Saved/Config/Windows/Scalability.ini]
[2020.03.23-21.45.33:552][  0]LogConfig: Setting CVar [[r.LightFunctionQuality:1]]
[2020.03.23-21.45.33:552][  0]LogConfig: Setting CVar [[r.ShadowQuality:5]]
[2020.03.23-21.45.33:552][  0]LogConfig: Setting CVar [[r.Shadow.CSM.MaxCascades:10]]
[2020.03.23-21.45.33:552][  0]LogConfig: Setting CVar [[r.Shadow.MaxResolution:2048]]
[2020.03.23-21.45.33:552][  0]LogConfig: Setting CVar [[r.Shadow.MaxCSMResolution:2048]]
[2020.03.23-21.45.33:552][  0]LogConfig: Setting CVar [[r.Shadow.RadiusThreshold:0.01]]
[2020.03.23-21.45.33:552][  0]LogConfig: Setting CVar [[r.Shadow.DistanceScale:1.0]]
[2020.03.23-21.45.33:552][  0]LogConfig: Setting CVar [[r.Shadow.CSM.TransitionScale:1.0]]
[2020.03.23-21.45.33:552][  0]LogConfig: Setting CVar [[r.Shadow.PreShadowResolutionFactor:1.0]]
[2020.03.23-21.45.33:552][  0]LogConfig: Setting CVar [[r.DistanceFieldShadowing:1]]
[2020.03.23-21.45.33:552][  0]LogConfig: Setting CVar [[r.DistanceFieldAO:1]]
[2020.03.23-21.45.33:552][  0]LogConfig: Setting CVar [[r.AOQuality:2]]
[2020.03.23-21.45.33:552][  0]LogConfig: Setting CVar [[r.VolumetricFog:1]]
[2020.03.23-21.45.33:552][  0]LogConfig: Setting CVar [[r.VolumetricFog.GridPixelSize:8]]
[2020.03.23-21.45.33:552][  0]LogConfig: Setting CVar [[r.VolumetricFog.GridSizeZ:128]]
[2020.03.23-21.45.33:552][  0]LogConfig: Setting CVar [[r.VolumetricFog.HistoryMissSupersampleCount:4]]
[2020.03.23-21.45.33:552][  0]LogConfig: Setting CVar [[r.LightMaxDrawDistanceScale:1]]
[2020.03.23-21.45.33:552][  0]LogConfig: Setting CVar [[r.CapsuleShadows:1]]
[2020.03.23-21.45.33:552][  0]LogConfig: Applying CVar settings from Section [PostProcessQuality@3] File [C:/Users/Owner/Desktop/GitHubFolder/Blastronaut/Blastronaut/Saved/Config/Windows/Scalability.ini]
[2020.03.23-21.45.33:552][  0]LogConfig: Setting CVar [[r.MotionBlurQuality:4]]
[2020.03.23-21.45.33:552][  0]LogConfig: Setting CVar [[r.AmbientOcclusionMipLevelFactor:0.4]]
[2020.03.23-21.45.33:552][  0]LogConfig: Setting CVar [[r.AmbientOcclusionMaxQuality:100]]
[2020.03.23-21.45.33:552][  0]LogConfig: Setting CVar [[r.AmbientOcclusionLevels:-1]]
[2020.03.23-21.45.33:552][  0]LogConfig: Setting CVar [[r.AmbientOcclusionRadiusScale:1.0]]
[2020.03.23-21.45.33:552][  0]LogConfig: Setting CVar [[r.DepthOfFieldQuality:2]]
[2020.03.23-21.45.33:552][  0]LogConfig: Setting CVar [[r.RenderTargetPoolMin:400]]
[2020.03.23-21.45.33:552][  0]LogConfig: Setting CVar [[r.LensFlareQuality:2]]
[2020.03.23-21.45.33:552][  0]LogConfig: Setting CVar [[r.SceneColorFringeQuality:1]]
[2020.03.23-21.45.33:552][  0]LogConfig: Setting CVar [[r.EyeAdaptationQuality:2]]
[2020.03.23-21.45.33:552][  0]LogConfig: Setting CVar [[r.BloomQuality:5]]
[2020.03.23-21.45.33:552][  0]LogConfig: Setting CVar [[r.FastBlurThreshold:100]]
[2020.03.23-21.45.33:552][  0]LogConfig: Setting CVar [[r.Upscale.Quality:3]]
[2020.03.23-21.45.33:552][  0]LogConfig: Setting CVar [[r.Tonemapper.GrainQuantization:1]]
[2020.03.23-21.45.33:552][  0]LogConfig: Setting CVar [[r.LightShaftQuality:1]]
[2020.03.23-21.45.33:552][  0]LogConfig: Setting CVar [[r.Filter.SizeScale:1]]
[2020.03.23-21.45.33:552][  0]LogConfig: Setting CVar [[r.Tonemapper.Quality:5]]
[2020.03.23-21.45.33:552][  0]LogConfig: Setting CVar [[r.DOF.Gather.AccumulatorQuality:1        ; higher gathering accumulator quality]]
[2020.03.23-21.45.33:552][  0]LogConfig: Setting CVar [[r.DOF.Gather.PostfilterMethod:1          ; Median3x3 postfilering method]]
[2020.03.23-21.45.33:552][  0]LogConfig: Setting CVar [[r.DOF.Gather.EnableBokehSettings:0       ; no bokeh simulation when gathering]]
[2020.03.23-21.45.33:552][  0]LogConfig: Setting CVar [[r.DOF.Gather.RingCount:4                 ; medium number of samples when gathering]]
[2020.03.23-21.45.33:552][  0]LogConfig: Setting CVar [[r.DOF.Scatter.ForegroundCompositing:1    ; additive foreground scattering]]
[2020.03.23-21.45.33:552][  0]LogConfig: Setting CVar [[r.DOF.Scatter.BackgroundCompositing:2    ; additive background scattering]]
[2020.03.23-21.45.33:552][  0]LogConfig: Setting CVar [[r.DOF.Scatter.EnableBokehSettings:1      ; bokeh simulation when scattering]]
[2020.03.23-21.45.33:552][  0]LogConfig: Setting CVar [[r.DOF.Scatter.MaxSpriteRatio:0.1         ; only a maximum of 10% of scattered bokeh]]
[2020.03.23-21.45.33:552][  0]LogConfig: Setting CVar [[r.DOF.Recombine.Quality:1                ; cheap slight out of focus]]
[2020.03.23-21.45.33:552][  0]LogConfig: Setting CVar [[r.DOF.Recombine.EnableBokehSettings:0    ; no bokeh simulation on slight out of focus]]
[2020.03.23-21.45.33:552][  0]LogConfig: Setting CVar [[r.DOF.TemporalAAQuality:1                ; more stable temporal accumulation]]
[2020.03.23-21.45.33:552][  0]LogConfig: Setting CVar [[r.DOF.Kernel.MaxForegroundRadius:0.025]]
[2020.03.23-21.45.33:552][  0]LogConfig: Setting CVar [[r.DOF.Kernel.MaxBackgroundRadius:0.025]]
[2020.03.23-21.45.33:552][  0]LogConfig: Applying CVar settings from Section [TextureQuality@3] File [C:/Users/Owner/Desktop/GitHubFolder/Blastronaut/Blastronaut/Saved/Config/Windows/Scalability.ini]
[2020.03.23-21.45.33:552][  0]LogConfig: Setting CVar [[r.Streaming.MipBias:0]]
[2020.03.23-21.45.33:552][  0]LogConfig: Setting CVar [[r.Streaming.AmortizeCPUToGPUCopy:0]]
[2020.03.23-21.45.33:552][  0]LogConfig: Setting CVar [[r.Streaming.MaxNumTexturesToStreamPerFrame:0]]
[2020.03.23-21.45.33:552][  0]LogConfig: Setting CVar [[r.Streaming.Boost:1]]
[2020.03.23-21.45.33:552][  0]LogConfig: Setting CVar [[r.MaxAnisotropy:8]]
[2020.03.23-21.45.33:552][  0]LogConfig: Setting CVar [[r.VT.MaxAnisotropy:8]]
[2020.03.23-21.45.33:552][  0]LogConfig: Setting CVar [[r.Streaming.LimitPoolSizeToVRAM:0]]
[2020.03.23-21.45.33:552][  0]LogConfig: Setting CVar [[r.Streaming.PoolSize:1000]]
[2020.03.23-21.45.33:552][  0]LogConfig: Setting CVar [[r.Streaming.MaxEffectiveScreenSize:0]]
[2020.03.23-21.45.33:552][  0]LogConfig: Applying CVar settings from Section [EffectsQuality@3] File [C:/Users/Owner/Desktop/GitHubFolder/Blastronaut/Blastronaut/Saved/Config/Windows/Scalability.ini]
[2020.03.23-21.45.33:552][  0]LogConfig: Setting CVar [[r.TranslucencyLightingVolumeDim:64]]
[2020.03.23-21.45.33:552][  0]LogConfig: Setting CVar [[r.RefractionQuality:2]]
[2020.03.23-21.45.33:552][  0]LogConfig: Setting CVar [[r.SSR.Quality:3]]
[2020.03.23-21.45.33:552][  0]LogConfig: Setting CVar [[r.SSR.HalfResSceneColor:0]]
[2020.03.23-21.45.33:552][  0]LogConfig: Setting CVar [[r.SceneColorFormat:4]]
[2020.03.23-21.45.33:552][  0]LogConfig: Setting CVar [[r.DetailMode:2]]
[2020.03.23-21.45.33:552][  0]LogConfig: Setting CVar [[r.TranslucencyVolumeBlur:1]]
[2020.03.23-21.45.33:552][  0]LogConfig: Setting CVar [[r.MaterialQualityLevel:1 ; High quality]]
[2020.03.23-21.45.33:552][  0]LogConfig: Setting CVar [[r.SSS.Scale:1]]
[2020.03.23-21.45.33:552][  0]LogConfig: Setting CVar [[r.SSS.SampleSet:2]]
[2020.03.23-21.45.33:552][  0]LogConfig: Setting CVar [[r.SSS.Quality:1]]
[2020.03.23-21.45.33:552][  0]LogConfig: Setting CVar [[r.SSS.HalfRes:1]]
[2020.03.23-21.45.33:552][  0]LogConfig: Setting CVar [[r.SSGI.Quality:3]]
[2020.03.23-21.45.33:552][  0]LogConfig: Setting CVar [[r.EmitterSpawnRateScale:1.0]]
[2020.03.23-21.45.33:553][  0]LogConfig: Setting CVar [[r.ParticleLightQuality:2]]
[2020.03.23-21.45.33:553][  0]LogConfig: Setting CVar [[r.SkyAtmosphere.AerialPerspectiveLUT.FastApplyOnOpaque:1 ; Always have FastSkyLUT 1 in this case to avoid wrong sky]]
[2020.03.23-21.45.33:553][  0]LogConfig: Setting CVar [[r.SkyAtmosphere.AerialPerspectiveLUT.SampleCountPerSlice:1]]
[2020.03.23-21.45.33:553][  0]LogConfig: Setting CVar [[r.SkyAtmosphere.AerialPerspectiveLUT.DepthResolution:16.0]]
[2020.03.23-21.45.33:553][  0]LogConfig: Setting CVar [[r.SkyAtmosphere.FastSkyLUT:1]]
[2020.03.23-21.45.33:553][  0]LogConfig: Setting CVar [[r.SkyAtmosphere.FastSkyLUT.SampleCountMin:4.0]]
[2020.03.23-21.45.33:553][  0]LogConfig: Setting CVar [[r.SkyAtmosphere.FastSkyLUT.SampleCountMax:32.0]]
[2020.03.23-21.45.33:553][  0]LogConfig: Setting CVar [[r.SkyAtmosphere.SampleCountMin:4.0]]
[2020.03.23-21.45.33:553][  0]LogConfig: Setting CVar [[r.SkyAtmosphere.SampleCountMax:32.0]]
[2020.03.23-21.45.33:553][  0]LogConfig: Setting CVar [[r.SkyAtmosphere.TransmittanceLUT.UseSmallFormat:0]]
[2020.03.23-21.45.33:553][  0]LogConfig: Setting CVar [[r.SkyAtmosphere.TransmittanceLUT.SampleCount:10.0]]
[2020.03.23-21.45.33:553][  0]LogConfig: Setting CVar [[r.SkyAtmosphere.MultiScatteringLUT.SampleCount:15.0]]
[2020.03.23-21.45.33:553][  0]LogConfig: Applying CVar settings from Section [FoliageQuality@3] File [C:/Users/Owner/Desktop/GitHubFolder/Blastronaut/Blastronaut/Saved/Config/Windows/Scalability.ini]
[2020.03.23-21.45.33:553][  0]LogConfig: Setting CVar [[foliage.DensityScale:1.0]]
[2020.03.23-21.45.33:553][  0]LogConfig: Setting CVar [[grass.DensityScale:1.0]]
[2020.03.23-21.45.33:553][  0]LogConfig: Applying CVar settings from Section [ShadingQuality@3] File [C:/Users/Owner/Desktop/GitHubFolder/Blastronaut/Blastronaut/Saved/Config/Windows/Scalability.ini]
[2020.03.23-21.45.33:553][  0]LogConfig: Setting CVar [[r.HairStrands.SkyLighting.SampleCount:16]]
[2020.03.23-21.45.33:553][  0]LogConfig: Setting CVar [[r.HairStrands.SkyLighting.JitterIntegration:0]]
[2020.03.23-21.45.33:553][  0]LogConfig: Setting CVar [[r.HairStrands.SkyAO.SampleCount:16]]
[2020.03.23-21.45.33:553][  0]LogConfig: Applying CVar settings from Section [Startup] File [../../../Engine/Config/ConsoleVariables.ini]
[2020.03.23-21.45.33:553][  0]LogConfig: Setting CVar [[net.UseAdaptiveNetUpdateFrequency:0]]
[2020.03.23-21.45.33:553][  0]LogConfig: Setting CVar [[p.chaos.AllowCreatePhysxBodies:1]]
[2020.03.23-21.45.33:553][  0]LogConfig: Applying CVar settings from Section [ConsoleVariables] File [C:/Users/Owner/Desktop/GitHubFolder/Blastronaut/Blastronaut/Saved/Config/Windows/Engine.ini]
[2020.03.23-21.45.33:553][  0]LogInit: Computer: DESKTOP-OD1R1MD
[2020.03.23-21.45.33:553][  0]LogInit: User: Owner
[2020.03.23-21.45.33:553][  0]LogInit: CPU Page size=4096, Cores=8
[2020.03.23-21.45.33:553][  0]LogInit: High frequency timer resolution =10.000000 MHz
[2020.03.23-21.45.33:553][  0]LogMemory: Memory total: Physical=31.9GB (32GB approx)
[2020.03.23-21.45.33:553][  0]LogMemory: Platform Memory Stats for Windows
[2020.03.23-21.45.33:553][  0]LogMemory: Process Physical Memory: 110.00 MB used, 110.01 MB peak
[2020.03.23-21.45.33:553][  0]LogMemory: Process Virtual Memory: 106.87 MB used, 106.87 MB peak
[2020.03.23-21.45.33:553][  0]LogMemory: Physical Memory: 8968.97 MB used,  23733.49 MB free, 32702.46 MB total
[2020.03.23-21.45.33:553][  0]LogMemory: Virtual Memory: 5190.11 MB used,  134212536.00 MB free, 134217728.00 MB total
[2020.03.23-21.45.33:554][  0]LogWindows: WindowsPlatformFeatures enabled
[2020.03.23-21.45.33:562][  0]LogInit: Using OS detected language (en-US).
[2020.03.23-21.45.33:562][  0]LogInit: Using OS detected locale (en-US).
[2020.03.23-21.45.33:563][  0]LogTextLocalizationManager: No specific localization for 'en-US' exists, so the 'en' localization will be used.
[2020.03.23-21.45.33:668][  0]LogInit: Setting process to per monitor DPI aware
[2020.03.23-21.45.33:683][  0]LogSlate: New Slate User Created.  User Index 0, Is Virtual User: 0
[2020.03.23-21.45.33:684][  0]LogSlate: Slate User Registered.  User Index 0, Is Virtual User: 0
[2020.03.23-21.45.33:765][  0]LogD3D11RHI: D3D11 min allowed feature level: 11_0
[2020.03.23-21.45.33:765][  0]LogD3D11RHI: D3D11 max allowed feature level: 11_0
[2020.03.23-21.45.33:765][  0]LogD3D11RHI: D3D11 adapters:
[2020.03.23-21.45.33:810][  0]LogD3D11RHI:    0. 'NVIDIA GeForce RTX 2070' (Feature Level 11_0)
[2020.03.23-21.45.33:810][  0]LogD3D11RHI:       8031/0/16351 MB DedicatedVideo/DedicatedSystem/SharedSystem, Outputs:1, VendorId:0x10de
[2020.03.23-21.45.33:812][  0]LogD3D11RHI:    1. 'Microsoft Basic Render Driver' (Feature Level 11_0)
[2020.03.23-21.45.33:812][  0]LogD3D11RHI:       0/0/16351 MB DedicatedVideo/DedicatedSystem/SharedSystem, Outputs:0, VendorId:0x1414
[2020.03.23-21.45.33:812][  0]LogD3D11RHI: Chosen D3D11 Adapter: 0
[2020.03.23-21.45.33:817][  0]LogD3D11RHI: Creating new Direct3DDevice
[2020.03.23-21.45.33:817][  0]LogD3D11RHI:     GPU DeviceId: 0x1f07 (for the marketing name, search the web for "GPU Device Id")
[2020.03.23-21.45.33:817][  0]LogWindows: EnumDisplayDevices:
[2020.03.23-21.45.33:817][  0]LogWindows:    0. 'NVIDIA GeForce RTX 2070' (P:1 D:1)
[2020.03.23-21.45.33:817][  0]LogWindows:    1. 'NVIDIA GeForce RTX 2070' (P:0 D:0)
[2020.03.23-21.45.33:817][  0]LogWindows:    2. 'NVIDIA GeForce RTX 2070' (P:0 D:0)
[2020.03.23-21.45.33:817][  0]LogWindows:    3. 'NVIDIA GeForce RTX 2070' (P:0 D:0)
[2020.03.23-21.45.33:817][  0]LogWindows: DebugString: FoundDriverCount:4 
[2020.03.23-21.45.33:817][  0]LogD3D11RHI:     Adapter Name: NVIDIA GeForce RTX 2070
[2020.03.23-21.45.33:817][  0]LogD3D11RHI:   Driver Version: 432.00 (internal:26.21.14.3200, unified:432.00)
[2020.03.23-21.45.33:817][  0]LogD3D11RHI:      Driver Date: 7-24-2019
[2020.03.23-21.45.33:817][  0]LogRHI: Texture pool is 5621 MB (70% of 8031 MB)
[2020.03.23-21.45.33:848][  0]LogD3D11RHI: RHI has support for 64 bit atomics
[2020.03.23-21.45.33:848][  0]LogD3D11RHI: Async texture creation enabled
[2020.03.23-21.45.33:908][  0]LogD3D11RHI: GPU Timing Frequency: 1000.000000 (Debug: 2 2)
[2020.03.23-21.45.34:080][  0]LogTargetPlatformManager: Display: Loaded TargetPlatform 'AllDesktop'
[2020.03.23-21.45.34:101][  0]LogTargetPlatformManager: Display: Loaded TargetPlatform 'Android'
[2020.03.23-21.45.34:101][  0]LogTargetPlatformManager: Display: Loaded TargetPlatform 'Android_ASTC'
[2020.03.23-21.45.34:101][  0]LogTargetPlatformManager: Display: Loaded TargetPlatform 'Android_ATC'
[2020.03.23-21.45.34:101][  0]LogTargetPlatformManager: Display: Loaded TargetPlatform 'Android_DXT'
[2020.03.23-21.45.34:101][  0]LogTargetPlatformManager: Display: Loaded TargetPlatform 'Android_ETC1'
[2020.03.23-21.45.34:101][  0]LogTargetPlatformManager: Display: Loaded TargetPlatform 'Android_ETC1a'
[2020.03.23-21.45.34:101][  0]LogTargetPlatformManager: Display: Loaded TargetPlatform 'Android_ETC2'
[2020.03.23-21.45.34:101][  0]LogTargetPlatformManager: Display: Loaded TargetPlatform 'Android_PVRTC'
[2020.03.23-21.45.34:101][  0]LogTargetPlatformManager: Display: Loaded TargetPlatform 'AndroidClient'
[2020.03.23-21.45.34:101][  0]LogTargetPlatformManager: Display: Loaded TargetPlatform 'Android_ASTCClient'
[2020.03.23-21.45.34:101][  0]LogTargetPlatformManager: Display: Loaded TargetPlatform 'Android_ATCClient'
[2020.03.23-21.45.34:101][  0]LogTargetPlatformManager: Display: Loaded TargetPlatform 'Android_DXTClient'
[2020.03.23-21.45.34:101][  0]LogTargetPlatformManager: Display: Loaded TargetPlatform 'Android_ETC1Client'
[2020.03.23-21.45.34:101][  0]LogTargetPlatformManager: Display: Loaded TargetPlatform 'Android_ETC1aClient'
[2020.03.23-21.45.34:101][  0]LogTargetPlatformManager: Display: Loaded TargetPlatform 'Android_ETC2Client'
[2020.03.23-21.45.34:101][  0]LogTargetPlatformManager: Display: Loaded TargetPlatform 'Android_PVRTCClient'
[2020.03.23-21.45.34:101][  0]LogTargetPlatformManager: Display: Loaded TargetPlatform 'Android_Multi'
[2020.03.23-21.45.34:101][  0]LogTargetPlatformManager: Display: Loaded TargetPlatform 'Android_MultiClient'
[2020.03.23-21.45.34:114][  0]LogTargetPlatformManager: Display: Loaded TargetPlatform 'IOSClient'
[2020.03.23-21.45.34:114][  0]LogTargetPlatformManager: Display: Loaded TargetPlatform 'IOS'
[2020.03.23-21.45.34:119][  0]LogTargetPlatformManager: Display: Loaded TargetPlatform 'LinuxNoEditor'
[2020.03.23-21.45.34:123][  0]LogTargetPlatformManager: Display: Loaded TargetPlatform 'LinuxClient'
[2020.03.23-21.45.34:128][  0]LogTargetPlatformManager: Display: Loaded TargetPlatform 'LinuxServer'
[2020.03.23-21.45.34:133][  0]LogTargetPlatformManager: Display: Loaded TargetPlatform 'LinuxAArch64NoEditor'
[2020.03.23-21.45.34:137][  0]LogTargetPlatformManager: Display: Loaded TargetPlatform 'LinuxAArch64Client'
[2020.03.23-21.45.34:142][  0]LogTargetPlatformManager: Display: Loaded TargetPlatform 'LinuxAArch64Server'
[2020.03.23-21.45.34:158][  0]LogTargetPlatformManager: Display: Loaded TargetPlatform 'Lumin'
[2020.03.23-21.45.34:158][  0]LogTargetPlatformManager: Display: Loaded TargetPlatform 'LuminClient'
[2020.03.23-21.45.34:168][  0]LogTargetPlatformManager: Display: Loaded TargetPlatform 'TVOSClient'
[2020.03.23-21.45.34:168][  0]LogTargetPlatformManager: Display: Loaded TargetPlatform 'TVOS'
[2020.03.23-21.45.34:172][  0]LogTargetPlatformManager: Display: Loaded TargetPlatform 'WindowsNoEditor'
[2020.03.23-21.45.34:177][  0]LogTargetPlatformManager: Display: Loaded TargetPlatform 'Windows'
[2020.03.23-21.45.34:182][  0]LogTargetPlatformManager: Display: Loaded TargetPlatform 'WindowsClient'
[2020.03.23-21.45.34:187][  0]LogTargetPlatformManager: Display: Loaded TargetPlatform 'WindowsServer'
[2020.03.23-21.45.34:187][  0]LogTargetPlatformManager: Display: Building Assets For Windows
[2020.03.23-21.45.34:189][  0]LogAudioDebug: Display: Lib vorbis DLL was dynamically loaded.
[2020.03.23-21.45.34:202][  0]LogShaderCompilers: Guid format shader working directory is -28 characters bigger than the processId version (../../../../../../Users/Owner/Desktop/GitHubFolder/Blastronaut/Blastronaut/Intermediate/Shaders/WorkingDirectory/2632/).
[2020.03.23-21.45.34:202][  0]LogShaderCompilers: Cleaned the shader compiler working directory 'C:/Users/Owner/AppData/Local/Temp/UnrealShaderWorkingDir/64719BD74E27227E5CFB33A5277AFE04/'.
[2020.03.23-21.45.34:203][  0]LogXGEController: Cannot use XGE Controller as Incredibuild is not installed on this machine.
[2020.03.23-21.45.34:203][  0]LogShaderCompilers: Cannot use XGE Shader Compiler as Incredibuild is not installed on this machine.
[2020.03.23-21.45.34:203][  0]LogShaderCompilers: Display: Using Local Shader Compiler.
[2020.03.23-21.45.34:724][  0]LogDerivedDataCache: Display: Max Cache Size: 512 MB
[2020.03.23-21.45.34:764][  0]LogDerivedDataCache: Loaded boot cache 0.04s 81MB C:/Users/Owner/AppData/Local/UnrealEngine/4.24/DerivedDataCache/Boot.ddc.
[2020.03.23-21.45.34:764][  0]LogDerivedDataCache: Display: Loaded Boot cache: C:/Users/Owner/AppData/Local/UnrealEngine/4.24/DerivedDataCache/Boot.ddc
[2020.03.23-21.45.34:764][  0]LogDerivedDataCache: FDerivedDataBackendGraph:  Pak pak cache file ../../../../../../Users/Owner/Desktop/GitHubFolder/Blastronaut/Blastronaut/DerivedDataCache/DDC.ddp not found, will not use a pak cache.
[2020.03.23-21.45.34:764][  0]LogDerivedDataCache: Unable to find inner node Pak for hierarchical cache Hierarchy.
[2020.03.23-21.45.34:764][  0]LogDerivedDataCache: FDerivedDataBackendGraph:  CompressedPak pak cache file ../../../../../../Users/Owner/Desktop/GitHubFolder/Blastronaut/Blastronaut/DerivedDataCache/Compressed.ddp not found, will not use a pak cache.
[2020.03.23-21.45.34:764][  0]LogDerivedDataCache: Unable to find inner node CompressedPak for hierarchical cache Hierarchy.
[2020.03.23-21.45.34:771][  0]LogDerivedDataCache: Display: Pak cache opened for reading ../../../Engine/DerivedDataCache/Compressed.ddp.
[2020.03.23-21.45.34:771][  0]LogDerivedDataCache: FDerivedDataBackendGraph:  EnterprisePak pak cache file ../../../Enterprise/DerivedDataCache/Compressed.ddp not found, will not use a pak cache.
[2020.03.23-21.45.34:771][  0]LogDerivedDataCache: Unable to find inner node EnterprisePak for hierarchical cache Hierarchy.
[2020.03.23-21.45.34:772][  0]LogDerivedDataCache: Using Local data cache path C:/Users/Owner/AppData/Local/UnrealEngine/Common/DerivedDataCache: Writable
[2020.03.23-21.45.34:772][  0]LogDerivedDataCache: Shared data cache path not found in *engine.ini, will not use an Shared cache.
[2020.03.23-21.45.34:772][  0]LogDerivedDataCache: Unable to find inner node Shared for hierarchical cache Hierarchy.
[2020.03.23-21.45.34:790][  0]LogMaterial: Verifying Global Shaders for PCD3D_SM5
[2020.03.23-21.45.34:792][  0]LogSlate: Using FreeType 2.10.0
[2020.03.23-21.45.34:792][  0]LogSlate: SlateFontServices - WITH_FREETYPE: 1, WITH_HARFBUZZ: 1
[2020.03.23-21.45.34:826][  0]LogAssetRegistry: FAssetRegistry took 0.0018 seconds to start up
[2020.03.23-21.45.35:022][  0]LogInit: Selected Device Profile: [Windows]
[2020.03.23-21.45.35:131][  0]LogMeshReduction: Using QuadricMeshReduction for automatic static mesh reduction
[2020.03.23-21.45.35:131][  0]LogMeshReduction: Using SimplygonMeshReduction for automatic skeletal mesh reduction
[2020.03.23-21.45.35:131][  0]LogMeshReduction: Using ProxyLODMeshReduction for automatic mesh merging
[2020.03.23-21.45.35:131][  0]LogMeshReduction: No distributed automatic mesh merging module available
[2020.03.23-21.45.35:131][  0]LogMeshMerging: No distributed automatic mesh merging module available
[2020.03.23-21.45.35:138][  0]LogNetVersion: Blastronaut 1.0.0, NetCL: 10570792, EngineNetVer: 13, GameNetVer: 0 (Checksum: 1494378295)
[2020.03.23-21.45.35:833][  0]LogPackageLocalizationCache: Processed 10 localized package path(s) for 1 prioritized culture(s) in 0.028724 seconds
[2020.03.23-21.45.35:840][  0]LogUObjectArray: 46750 objects as part of root set at end of initial load.
[2020.03.23-21.45.35:840][  0]LogUObjectAllocator: 8137160 out of 0 bytes used by permanent object pool.
[2020.03.23-21.45.35:840][  0]LogUObjectArray: CloseDisregardForGC: 0/0 objects in disregard for GC pool
[2020.03.23-21.45.36:112][  0]LogTcpMessaging: Initializing TcpMessaging bridge
[2020.03.23-21.45.36:138][  0]LogUdpMessaging: Initializing bridge on interface 0.0.0.0:0 to multicast group 230.0.0.1:6666.
[2020.03.23-21.45.36:173][  0]SourceControl: Source control is disabled
[2020.03.23-21.45.36:173][  0]SourceControl: Source control is disabled
[2020.03.23-21.45.36:173][  0]SourceControl: Source control is disabled
[2020.03.23-21.45.36:174][  0]SourceControl: Source control is disabled
[2020.03.23-21.45.36:174][  0]SourceControl: Source control is disabled
[2020.03.23-21.45.36:228][  0]LogAndroidPermission: UAndroidPermissionCallbackProxy::GetInstance
[2020.03.23-21.45.36:235][  0]LogAudioCaptureCore: Display: No Audio Capture implementations found. Audio input will be silent.
[2020.03.23-21.45.36:235][  0]LogAudioCaptureCore: Display: No Audio Capture implementations found. Audio input will be silent.
[2020.03.23-21.45.36:295][  0]LogOcInput: OculusInput pre-init called
[2020.03.23-21.45.36:722][  0]LogEngine: Initializing Engine...
[2020.03.23-21.45.36:722][  0]LogHMD: Oculus plugin initialized. Version: 4.24.3-11590370+++UE4+Release-4.24, OVRPlugin: 1.40.0
[2020.03.23-21.45.36:723][  0]LogStats: UGameplayTagsManager::InitializeManager -  0.000 s
[2020.03.23-21.45.36:957][  0]LogInit: Initializing FReadOnlyCVARCache
[2020.03.23-21.45.36:961][  0]LogAIModule: Creating AISystem for world Untitled
[2020.03.23-21.45.36:998][  0]LogAudioMixer: Display: Audio Mixer Platform Settings:
[2020.03.23-21.45.36:998][  0]LogAudioMixer: Display: 	Sample Rate:						  48000
[2020.03.23-21.45.36:998][  0]LogAudioMixer: Display: 	Callback Buffer Frame Size Requested: 1024
[2020.03.23-21.45.36:998][  0]LogAudioMixer: Display: 	Callback Buffer Frame Size To Use:	  1024
[2020.03.23-21.45.36:998][  0]LogAudioMixer: Display: 	Number of buffers to queue:			  2
[2020.03.23-21.45.36:998][  0]LogAudioMixer: Display: 	Max Channels (voices):				  32
[2020.03.23-21.45.36:998][  0]LogAudioMixer: Display: 	Number of Async Source Workers:		  0
[2020.03.23-21.45.36:998][  0]LogAudio: Display: AudioDevice MaxSources: 32
[2020.03.23-21.45.36:998][  0]LogAudio: Display: Using built-in audio occlusion.
[2020.03.23-21.45.36:998][  0]LogAudioMixer: Display: Initializing audio mixer.
[2020.03.23-21.45.37:012][  0]LogAudioMixer: Display: Audio Device Output Speaker Info:
[2020.03.23-21.45.37:012][  0]LogAudioMixer: Display: Name: TOSHIBA-TV (NVIDIA High Definition Audio)
[2020.03.23-21.45.37:012][  0]LogAudioMixer: Display: Is Default: Yes
[2020.03.23-21.45.37:012][  0]LogAudioMixer: Display: Sample Rate: 48000
[2020.03.23-21.45.37:012][  0]LogAudioMixer: Display: Channel Count Used: 2
[2020.03.23-21.45.37:012][  0]LogAudioMixer: Display: Device Channel Count: 2
[2020.03.23-21.45.37:012][  0]LogAudioMixer: Display: Channel Order:
[2020.03.23-21.45.37:012][  0]LogAudioMixer: Display: 0: FrontLeft
[2020.03.23-21.45.37:012][  0]LogAudioMixer: Display: 1: FrontRight
[2020.03.23-21.45.37:022][  0]LogAudioMixer: Display: Using Audio Device TOSHIBA-TV (NVIDIA High Definition Audio)
[2020.03.23-21.45.37:026][  0]LogInit: FAudioDevice initialized.
[2020.03.23-21.45.37:027][  0]LogNetVersion: Set ProjectVersion to 1.0.0.0. Version Checksum will be recalculated on next use.
[2020.03.23-21.45.37:091][  0]LogDerivedDataCache: Saved boot cache 0.06s 81MB C:/Users/Owner/AppData/Local/UnrealEngine/4.24/DerivedDataCache/Boot.ddc.
[2020.03.23-21.45.37:094][  0]LogInit: Texture streaming: Enabled
[2020.03.23-21.45.37:100][  0]LogEngineSessionManager: EngineSessionManager initialized
[2020.03.23-21.45.37:100][  0]LogEditorSessionSummary: Verbose: Initializing EditorSessionSummaryWriter for editor session tracking
[2020.03.23-21.45.37:100][  0]LogEditorSessionSummary: EditorSessionSummaryWriter initialized
[2020.03.23-21.45.37:111][  0]LogInit: Transaction tracking system initialized
[2020.03.23-21.45.37:117][  0]BlueprintLog: New page: Editor Load
[2020.03.23-21.45.37:159][  0]LocalizationService: Localization service is disabled
[2020.03.23-21.45.37:370][  0]LogFileCache: Scanning file cache for directory 'C:/Users/Owner/Desktop/GitHubFolder/Blastronaut/Blastronaut/Content/' took 0.00s
[2020.03.23-21.45.37:370][  0]LogCook: Display: Max memory allowance for cook 16384mb min free memory 0mb
[2020.03.23-21.45.37:370][  0]LogCook: Display: Mobile HDR setting 1
[2020.03.23-21.45.37:814][  0]SourceControl: Source control is disabled
[2020.03.23-21.45.37:814][  0]Cmd: MAP LOAD FILE="../../../Engine/Content/Maps/Templates/Template_Default.umap" TEMPLATE=1 SHOWPROGRESS=1 FEATURELEVEL=3
[2020.03.23-21.45.37:814][  0]LightingResults: New page: Lighting Build
[2020.03.23-21.45.37:815][  0]LogWorld: UWorld::CleanupWorld for Untitled, bSessionEnded=true, bCleanupResources=true
[2020.03.23-21.45.37:815][  0]LogSlate: InvalidateAllWidgets triggered.  All widgets were invalidated
[2020.03.23-21.45.37:815][  0]MapCheck: New page: Map Check
[2020.03.23-21.45.37:815][  0]LightingResults: New page: Lighting Build
[2020.03.23-21.45.37:839][  0]LogUObjectHash: Compacting FUObjectHashTables data took   1.26ms
[2020.03.23-21.45.37:893][  0]LogAIModule: Creating AISystem for world Untitled_1
[2020.03.23-21.45.37:896][  0]LogEditorServer: Finished looking for orphan Actors (0.000 secs)
[2020.03.23-21.45.37:920][  0]LogUObjectHash: Compacting FUObjectHashTables data took   1.45ms
[2020.03.23-21.45.37:920][  0]Cmd: MAP CHECKDEP NOCLEARLOG
[2020.03.23-21.45.37:920][  0]MapCheck: Map check complete: 0 Error(s), 0 Warning(s), took 0.112ms to complete.
[2020.03.23-21.45.37:920][  0]LogFileHelpers: Loading map 'Template_Default' took 0.106
[2020.03.23-21.45.38:046][  0]LogSlate: Updating window title bar state: overlay mode, drag disabled, window buttons hidden, title bar hidden
[2020.03.23-21.45.38:050][  0]LogSlate: Updating window title bar state: overlay mode, drag disabled, window buttons hidden, title bar hidden
[2020.03.23-21.45.38:054][  0]LogSlate: Updating window title bar state: overlay mode, drag disabled, window buttons hidden, title bar hidden
[2020.03.23-21.45.38:059][  0]LogSlate: Updating window title bar state: overlay mode, drag disabled, window buttons hidden, title bar hidden
[2020.03.23-21.45.38:065][  0]LogCollectionManager: Loaded 0 collections in 0.001190 seconds
[2020.03.23-21.45.38:075][  0]LogFileCache: Scanning file cache for directory 'C:/Users/Owner/Desktop/GitHubFolder/Blastronaut/Blastronaut/Saved/Collections/' took 0.00s
[2020.03.23-21.45.38:075][  0]LogFileCache: Scanning file cache for directory 'C:/Users/Owner/Desktop/GitHubFolder/Blastronaut/Blastronaut/Content/Developers/Owner/Collections/' took 0.00s
[2020.03.23-21.45.38:075][  0]LogFileCache: Scanning file cache for directory 'C:/Users/Owner/Desktop/GitHubFolder/Blastronaut/Blastronaut/Content/Collections/' took 0.00s
[2020.03.23-21.45.38:075][  0]LogContentBrowser: Native class hierarchy populated in 0.0058 seconds. Added 3015 classes and 717 folders.
[2020.03.23-21.45.38:077][  0]LogContentBrowser: Native class hierarchy updated for 'WidgetCarousel' in 0.0002 seconds. Added 0 classes and 0 folders.
[2020.03.23-21.45.38:107][  0]LogContentBrowser: Native class hierarchy updated for 'AddContentDialog' in 0.0002 seconds. Added 0 classes and 0 folders.
[2020.03.23-21.45.38:129][  0]LogContentBrowser: Native class hierarchy updated for 'SceneOutliner' in 0.0002 seconds. Added 2 classes and 3 folders.
[2020.03.23-21.45.38:171][  0]LogSlate: Took 0.000098 seconds to synchronously load lazily loaded font '../../../Engine/Content/Slate/Fonts/Roboto-Regular.ttf' (155K)
[2020.03.23-21.45.38:172][  0]LogSlate: Took 0.000097 seconds to synchronously load lazily loaded font '../../../Engine/Content/Slate/Fonts/Roboto-Bold.ttf' (160K)
[2020.03.23-21.45.38:180][  0]LogSlate: Took 0.004598 seconds to synchronously load lazily loaded font '../../../Engine/Content/Editor/Slate/Fonts/FontAwesome.ttf' (139K)
[2020.03.23-21.45.38:251][  0]LogRenderer: Reallocating scene render targets to support 936x560 Format 10 NumSamples 1 (Frame:1).
[2020.03.23-21.45.38:314][  0]LogContentBrowser: Native class hierarchy updated for 'HierarchicalLODOutliner' in 0.0002 seconds. Added 0 classes and 0 folders.
[2020.03.23-21.45.38:314][  0]LogLoad: (Engine Initialization) Total time: 5.57 seconds
[2020.03.23-21.45.38:314][  0]LogLoad: (Engine Initialization) Total Blueprint compile time: 0.00 seconds
[2020.03.23-21.45.38:329][  0]LogOcInput: OculusInput is initialized
[2020.03.23-21.45.38:341][  0]LogContentStreaming: Texture pool size now 1000 MB
[2020.03.23-21.45.40:703][250]LogAssetRegistry: Asset discovery search completed in 5.8788 seconds
[2020.03.23-21.45.40:706][250]LogCollectionManager: Fixed up redirectors for 0 collections in 0.000006 seconds (updated 0 objects)
[2020.03.23-21.47.33:875][629]LogSlate: Window 'Plugins' being destroyed
[2020.03.23-21.47.33:878][629]LogSlate: Window 'Plugins' being destroyed
[2020.03.23-21.47.33:878][629]LogDirectoryWatcher: A directory notification for '../../../Engine/Plugins/' was aborted.
[2020.03.23-21.47.54:598][976]LogSlate: Window 'Content Browser 2' being destroyed
[2020.03.23-21.48.35:034][868]LogSlate: Window 'Save Level As' being destroyed
[2020.03.23-21.48.35:041][868]LogSlate: Took 0.000112 seconds to synchronously load lazily loaded font '../../../Engine/Content/Slate/Fonts/Roboto-Light.ttf' (167K)
[2020.03.23-21.48.35:062][868]Cmd: OBJ SAVEPACKAGE PACKAGE="/Game/1-1" FILE="../../../../../../Users/Owner/Desktop/GitHubFolder/Blastronaut/Blastronaut/Content/1-1.umap" SILENT=true AUTOSAVING=false KEEPDIRTY=false
[2020.03.23-21.48.35:086][868]LogUObjectHash: Compacting FUObjectHashTables data took   1.22ms
[2020.03.23-21.48.35:097][868]LogSavePackage: Moving '../../../../../../Users/Owner/Desktop/GitHubFolder/Blastronaut/Blastronaut/Saved/1-1BCD9B71B4E5EFC84F7117AA6A89097EC.tmp' to '../../../../../../Users/Owner/Desktop/GitHubFolder/Blastronaut/Blastronaut/Content/1-1.umap'
[2020.03.23-21.48.35:112][868]Cmd: OBJ SAVEPACKAGE PACKAGE="/Game/1-1_BuiltData" FILE="../../../../../../Users/Owner/Desktop/GitHubFolder/Blastronaut/Blastronaut/Content/1-1_BuiltData.uasset" SILENT=true
[2020.03.23-21.48.35:123][868]LogSavePackage: Moving '../../../../../../Users/Owner/Desktop/GitHubFolder/Blastronaut/Blastronaut/Saved/1-1_BuiltData3C295EC44F820A1404F096BA5DCFCC86.tmp' to '../../../../../../Users/Owner/Desktop/GitHubFolder/Blastronaut/Blastronaut/Content/1-1_BuiltData.uasset'
[2020.03.23-21.48.35:133][868]LogFileHelpers: Saving map '1-1' took 0.095
[2020.03.23-21.48.35:134][868]Cmd: MAP LOAD FILE="../../../../../../Users/Owner/Desktop/GitHubFolder/Blastronaut/Blastronaut/Content/1-1.umap" TEMPLATE=0 SHOWPROGRESS=1 FEATURELEVEL=3
[2020.03.23-21.48.35:160][868]LightingResults: New page: Lighting Build
[2020.03.23-21.48.35:160][868]LoadErrors: New page: Loading map: 1-1.umap
[2020.03.23-21.48.35:161][868]LogWorld: UWorld::CleanupWorld for 1-1, bSessionEnded=true, bCleanupResources=true
[2020.03.23-21.48.35:161][868]LogSlate: InvalidateAllWidgets triggered.  All widgets were invalidated
[2020.03.23-21.48.35:161][868]MapCheck: New page: Map Check
[2020.03.23-21.48.35:161][868]LightingResults: New page: Lighting Build
[2020.03.23-21.48.35:184][868]LogUObjectHash: Compacting FUObjectHashTables data took   1.16ms
[2020.03.23-21.48.39:278][868]LogSlate: Window 'Message' being destroyed
[2020.03.23-21.48.39:286][868]LogAIModule: Creating AISystem for world 1-1
[2020.03.23-21.48.39:289][868]LogEditorServer: Finished looking for orphan Actors (0.000 secs)
[2020.03.23-21.48.39:313][868]LogUObjectHash: Compacting FUObjectHashTables data took   1.48ms
[2020.03.23-21.48.39:332][868]Cmd: MAP CHECKDEP NOCLEARLOG
[2020.03.23-21.48.39:332][868]MapCheck: Map check complete: 0 Error(s), 0 Warning(s), took 0.084ms to complete.
[2020.03.23-21.48.39:332][868]LogFileHelpers: Loading map '1-1' took 4.200
[2020.03.23-21.48.39:339][868]AssetCheck: New page: Asset Save: multiple assets
[2020.03.23-21.48.39:339][868]LogContentValidation: Display: Validating World /Game/1-1.1-1
[2020.03.23-21.48.39:339][868]LogContentValidation: Display: Validating MapBuildDataRegistry /Game/1-1_BuiltData.1-1_BuiltData
[2020.03.23-21.48.44:950][519]LogObjectTools: Deleting 1 worlds: /Game/levels/NewWorld.NewWorld
[2020.03.23-21.48.44:950][519]LogObjectTools: Currently 1 active worlds: /Game/1-1.1-1
[2020.03.23-21.48.44:973][519]LogUObjectHash: Compacting FUObjectHashTables data took   0.49ms
[2020.03.23-21.48.46:437][519]LogSlate: Window 'Delete Assets' being destroyed
[2020.03.23-21.48.46:458][519]LogWorld: UWorld::CleanupWorld for NewWorld, bSessionEnded=true, bCleanupResources=true
[2020.03.23-21.48.46:458][519]LogSlate: InvalidateAllWidgets triggered.  All widgets were invalidated
[2020.03.23-21.48.46:504][519]LogUObjectHash: Compacting FUObjectHashTables data took   1.15ms
[2020.03.23-21.48.55:363][559]LogUObjectHash: Compacting FUObjectHashTables data took   0.49ms
[2020.03.23-21.48.57:035][559]LogSlate: Window 'Delete Assets' being destroyed
[2020.03.23-21.48.57:216][559]LogUObjectGlobals: Force Deleting 1 Package(s):
	Asset Name: /Game/1-1_BuiltData.1-1_BuiltData
[2020.03.23-21.48.57:640][559]LogUObjectHash: Compacting FUObjectHashTables data took   1.13ms
[2020.03.23-21.48.57:663][559]LogUObjectHash: Compacting FUObjectHashTables data took   1.14ms
[2020.03.23-21.48.57:685][559]LogUObjectHash: Compacting FUObjectHashTables data took   0.49ms
[2020.03.23-21.48.58:252][619]LogObjectTools: Deleting 1 worlds: /Game/1-1.1-1
[2020.03.23-21.48.58:252][619]LogObjectTools: Currently 1 active worlds: /Game/1-1.1-1
[2020.03.23-21.48.59:652][619]LogSlate: Window 'Unable to delete level' being destroyed
[2020.03.23-21.49.00:897][763]LogObjectTools: Deleting 1 worlds: /Game/1-1.1-1
[2020.03.23-21.49.00:897][763]LogObjectTools: Currently 1 active worlds: /Game/1-1.1-1
[2020.03.23-21.49.02:729][763]LogSlate: Window 'Unable to delete level' being destroyed
[2020.03.23-21.49.12:951][519]LogSlate: Window 'Save Level As' being destroyed
[2020.03.23-21.49.12:978][519]LogAIModule: Creating AISystem for world 1-1
[2020.03.23-21.49.12:979][519]Cmd: OBJ SAVEPACKAGE PACKAGE="/Game/levels/1-1" FILE="../../../../../../Users/Owner/Desktop/GitHubFolder/Blastronaut/Blastronaut/Content/levels/1-1.umap" SILENT=true AUTOSAVING=false KEEPDIRTY=false
[2020.03.23-21.49.13:004][519]LogUObjectHash: Compacting FUObjectHashTables data took   1.16ms
[2020.03.23-21.49.13:014][519]LogSavePackage: Moving '../../../../../../Users/Owner/Desktop/GitHubFolder/Blastronaut/Blastronaut/Saved/1-18731F0CE405840A687CA028276654ED5.tmp' to '../../../../../../Users/Owner/Desktop/GitHubFolder/Blastronaut/Blastronaut/Content/levels/1-1.umap'
[2020.03.23-21.49.13:023][519]LogFileHelpers: Saving map '1-1' took 0.069
[2020.03.23-21.49.13:024][519]Cmd: MAP LOAD FILE="../../../../../../Users/Owner/Desktop/GitHubFolder/Blastronaut/Blastronaut/Content/levels/1-1.umap" TEMPLATE=0 SHOWPROGRESS=1 FEATURELEVEL=3
[2020.03.23-21.49.13:041][519]LightingResults: New page: Lighting Build
[2020.03.23-21.49.13:041][519]LoadErrors: New page: Loading map: 1-1.umap
[2020.03.23-21.49.13:042][519]LogWorld: UWorld::CleanupWorld for 1-1, bSessionEnded=true, bCleanupResources=true
[2020.03.23-21.49.13:042][519]LogSlate: InvalidateAllWidgets triggered.  All widgets were invalidated
[2020.03.23-21.49.13:042][519]MapCheck: New page: Map Check
[2020.03.23-21.49.13:042][519]LightingResults: New page: Lighting Build
[2020.03.23-21.49.13:065][519]LogUObjectHash: Compacting FUObjectHashTables data took   1.15ms
[2020.03.23-21.49.13:067][519]LogEditorServer: Finished looking for orphan Actors (0.000 secs)
[2020.03.23-21.49.13:090][519]LogUObjectHash: Compacting FUObjectHashTables data took   1.13ms
[2020.03.23-21.49.13:106][519]Cmd: MAP CHECKDEP NOCLEARLOG
[2020.03.23-21.49.13:106][519]MapCheck: Map check complete: 0 Error(s), 0 Warning(s), took 0.09ms to complete.
[2020.03.23-21.49.13:106][519]LogFileHelpers: Loading map '1-1' took 0.083
[2020.03.23-21.49.13:109][519]AssetCheck: New page: Asset Save: 1-1
[2020.03.23-21.49.13:109][519]LogContentValidation: Display: Validating World /Game/levels/1-1.1-1
[2020.03.23-21.49.17:597][ 47]LogLinker: Warning: While loading '../../../../../../Users/Owner/Desktop/GitHubFolder/Blastronaut/Blastronaut/Content/1-1.umap' failed to load '/Game/1-1_BuiltData': Can't find file.
[2020.03.23-21.49.17:597][ 47]LogLinker: Warning: While loading '../../../../../../Users/Owner/Desktop/GitHubFolder/Blastronaut/Blastronaut/Content/1-1.umap' failed to load '/Game/1-1_BuiltData': Can't find file.
[2020.03.23-21.49.17:601][ 47]LogLinker: Warning: While loading '../../../../../../Users/Owner/Desktop/GitHubFolder/Blastronaut/Blastronaut/Content/1-1.umap' failed to load '/Game/1-1_BuiltData': Can't find file.
[2020.03.23-21.49.17:601][ 47]LogLinker: Warning: While loading '../../../../../../Users/Owner/Desktop/GitHubFolder/Blastronaut/Blastronaut/Content/1-1.umap' failed to load '/Game/1-1_BuiltData': Can't find file.
[2020.03.23-21.49.17:602][ 47]LogLinker: Warning: While loading '../../../../../../Users/Owner/Desktop/GitHubFolder/Blastronaut/Blastronaut/Content/1-1.umap' failed to load '/Game/1-1_BuiltData': Can't find file.
[2020.03.23-21.49.17:602][ 47]LoadErrors: Failed to load /Game/1-1_BuiltData.1-1_BuiltData Referenced by PersistentLevel
[2020.03.23-21.49.17:602][ 47]LogLinker: Warning: While loading '../../../../../../Users/Owner/Desktop/GitHubFolder/Blastronaut/Blastronaut/Content/1-1.umap' failed to load '/Game/1-1_BuiltData': Can't find file.
[2020.03.23-21.49.17:603][ 47]LogAIModule: Creating AISystem for world 1-1
[2020.03.23-21.49.17:604][ 47]LogObjectTools: Deleting 1 worlds: /Game/1-1.1-1
[2020.03.23-21.49.17:604][ 47]LogObjectTools: Currently 1 active worlds: /Game/levels/1-1.1-1
[2020.03.23-21.49.17:627][ 47]LogUObjectHash: Compacting FUObjectHashTables data took   1.13ms
[2020.03.23-21.49.18:941][ 47]LogSlate: Window 'Delete Assets' being destroyed
[2020.03.23-21.49.18:956][ 47]LogWorld: UWorld::CleanupWorld for 1-1, bSessionEnded=true, bCleanupResources=true
[2020.03.23-21.49.18:956][ 47]LogSlate: InvalidateAllWidgets triggered.  All widgets were invalidated
[2020.03.23-21.49.19:011][ 47]LogUObjectHash: Compacting FUObjectHashTables data took   0.55ms
[2020.03.23-21.49.19:042][ 47]LogUObjectHash: Compacting FUObjectHashTables data took   0.49ms
[2020.03.23-21.49.19:065][ 47]LogUObjectHash: Compacting FUObjectHashTables data took   0.49ms
[2020.03.23-21.53.21:127][862]Cmd: DELETE
[2020.03.23-21.53.21:127][862]Cmd: ACTOR DELETE
[2020.03.23-21.53.21:128][862]LogEditorActor: Deleted Actor: SphereReflectionCapture
[2020.03.23-21.53.21:150][862]LogUObjectHash: Compacting FUObjectHashTables data took   1.07ms
[2020.03.23-21.53.21:151][862]LogEditorActor: Deleted 1 Actors (0.024 secs)
[2020.03.23-21.59.09:304][131]LogUObjectHash: Compacting FUObjectHashTables data took   0.62ms
[2020.03.23-21.59.09:321][131]LogSavePackage: Moving '../../../../../../Users/Owner/Desktop/GitHubFolder/Blastronaut/Blastronaut/Saved/1-1_Auto10FA1E5A444331D00AD2EA7AB02EEFEF8.tmp' to '../../../../../../Users/Owner/Desktop/GitHubFolder/Blastronaut/Blastronaut/Saved/Autosaves/Game/levels/1-1_Auto1.umap'
[2020.03.23-21.59.09:324][131]LogFileHelpers: Editor autosave (incl. sublevels) for '/Game/levels/1-1' took 0.042
[2020.03.23-21.59.09:324][131]LogFileHelpers: Editor autosave (incl. sublevels) for all levels took 0.042
[2020.03.23-22.03.27:404][100]LogUObjectHash: Compacting FUObjectHashTables data took   1.10ms
[2020.03.23-22.03.27:430][100]Cmd: OBJ SAVEPACKAGE PACKAGE="/Game/levels/1-1" FILE="../../../../../../Users/Owner/Desktop/GitHubFolder/Blastronaut/Blastronaut/Content/levels/1-1.umap" SILENT=true AUTOSAVING=false KEEPDIRTY=false
[2020.03.23-22.03.27:453][100]LogUObjectHash: Compacting FUObjectHashTables data took   0.49ms
[2020.03.23-22.03.27:463][100]LogSavePackage: Moving '../../../../../../Users/Owner/Desktop/GitHubFolder/Blastronaut/Blastronaut/Saved/1-147234BB840A5300E77A60B8BB3420CBC.tmp' to '../../../../../../Users/Owner/Desktop/GitHubFolder/Blastronaut/Blastronaut/Content/levels/1-1.umap'
[2020.03.23-22.03.27:473][100]LogFileHelpers: Saving map '1-1' took 0.043
[2020.03.23-22.03.27:481][100]AssetCheck: New page: Asset Save: 1-1
[2020.03.23-22.03.27:481][100]LogContentValidation: Display: Validating World /Game/levels/1-1.1-1
[2020.03.23-22.03.30:719][475]MapCheck: New page: Map Check
[2020.03.23-22.03.30:729][475]Cmd: MAP REBUILD ALLVISIBLE
[2020.03.23-22.03.30:729][475]LogEditorServer: Rebuildmap Clear paths rebuilt
[2020.03.23-22.03.30:730][475]LogWorld: UWorld::CleanupWorld for 1-1, bSessionEnded=true, bCleanupResources=false
[2020.03.23-22.03.30:759][475]LogUObjectHash: Compacting FUObjectHashTables data took   1.15ms
[2020.03.23-22.03.30:768][475]LogMaterial: Display: Missing cached shader map for material DebugViewMode MaterialTexCoordScale, compiling. 
[2020.03.23-22.03.30:780][475]LogShaderCompilers: Display: Worker (1/5): shaders left to compile 2
[2020.03.23-22.03.30:780][475]LogShaderCompilers: Display: Worker (2/5): shaders left to compile 1
[2020.03.23-22.03.30:780][475]LogMaterial: Display: Missing cached shader map for material DebugViewMode MaterialTexCoordScale, compiling. 
[2020.03.23-22.03.31:268][475]LogShaderCompilers: Display: Worker (3/5): shaders left to compile 2
[2020.03.23-22.03.31:268][475]LogShaderCompilers: Display: Worker (4/5): shaders left to compile 1
[2020.03.23-22.03.31:268][475]TextureStreamingBuild: Display: Compiling optional shaders took 0.509 seconds.
[2020.03.23-22.03.31:275][475]LogLevel: Display: Export Material TexCoord Scales took 0.007 seconds.
[2020.03.23-22.03.31:277][475]TextureStreamingBuild: Display: Build Texture Streaming took 0.002 seconds.
[2020.03.23-22.03.31:299][475]LogUObjectHash: Compacting FUObjectHashTables data took   0.50ms
[2020.03.23-22.03.31:305][475]LightingResults: New page: Lighting Build - Mar 23, 2020, 2:03:31 PM
[2020.03.23-22.03.31:371][475]LogSwarmInterface: [OpenConnection] Registering TCP channel ...
[2020.03.23-22.03.31:466][475]LogSwarmInterface: [OpenConnection] Connecting to agent ...
[2020.03.23-22.03.31:478][475]LogSwarmInterface: [TryOpenConnection] Testing the Agent
[2020.03.23-22.03.31:995][475]LogSwarmInterface: [TryOpenConnection] Opening Connection to Agent
[2020.03.23-22.03.31:995][475]LogSwarmInterface: [TryOpenConnection] Local Process ID is 2632
[2020.03.23-22.03.38:613][475]LogStaticLightingSystem: Warning: No importance volume found, so the scene bounding box was used.  You can optimize your scene's quality and lighting build times by adding importance volumes.
[2020.03.23-22.03.38:613][475]LogStaticLightingSystem: Running Lightmass w/ ImmediateImport mode ENABLED
[2020.03.23-22.03.38:613][475]LogStaticLightingSystem: Running Lightmass w/ ImmediateProcess mode ENABLED
[2020.03.23-22.03.38:613][475]LogStaticLightingSystem: Running Lightmass w/ Sorting mode ENABLED
[2020.03.23-22.03.38:613][475]LogStaticLightingSystem: Running Lightmass w/ Mapping paddings ENABLED
[2020.03.23-22.03.38:613][475]LogStaticLightingSystem: Running Lightmass w/ Mapping debug paddings DISABLED
[2020.03.23-22.03.38:744][475]Cmd: MAP CHECK DONTDISPLAYDIALOG
[2020.03.23-22.03.38:744][475]MapCheck: New page: 1-1 - Mar 23, 2020, 2:03:38 PM
[2020.03.23-22.03.38:744][475]MapCheck: Error: WorldSettings_1 Maps need lighting rebuilt 
[2020.03.23-22.03.38:745][475]MapCheck: Map check complete: 1 Error(s), 0 Warning(s), took 1.309ms to complete.
[2020.03.23-22.03.38:746][475]LogEditorBuildUtils: Build time 0:08
[2020.03.23-22.03.38:808][475]LogMaterial: Display: Missing cached shader map for material FLightmassMaterialRenderer DefaultMaterial, compiling. 
[2020.03.23-22.03.38:821][475]LogMaterial: Display: Missing cached shader map for material FLightmassMaterialRenderer DefaultMaterial, compiling. 
[2020.03.23-22.03.38:885][475]LogShaderCompilers: Display: Worker (1/5): shaders left to compile 2
[2020.03.23-22.03.38:886][475]LogShaderCompilers: Display: Worker (2/5): shaders left to compile 1
[2020.03.23-22.03.38:886][475]LogShaderCompilers: Display: Worker (3/5): shaders left to compile 2
[2020.03.23-22.03.38:886][475]LogShaderCompilers: Display: Worker (4/5): shaders left to compile 1
[2020.03.23-22.03.38:898][476]LogMaterial: Display: Missing cached shader map for material FLightmassMaterialRenderer MaterialInstanceDynamic_0, compiling. 
[2020.03.23-22.03.38:911][476]LogMaterial: Display: Missing cached shader map for material FLightmassMaterialRenderer MaterialInstanceDynamic_0, compiling. 
[2020.03.23-22.03.39:527][477]LogShaderCompilers: Display: Worker (2/5): shaders left to compile 4
[2020.03.23-22.03.39:527][477]LogShaderCompilers: Display: Worker (4/5): shaders left to compile 2
[2020.03.23-22.03.39:601][480]LogUObjectHash: Compacting FUObjectHashTables data took   0.50ms
[2020.03.23-22.03.40:761][517]Job is a success!
[2020.03.23-22.03.40:899][518]LogVolumetricLightmapImport: Imported Volumetric Lightmap in 0.006s
[2020.03.23-22.03.40:899][518]LogVolumetricLightmapImport:      Indirection Texture 16x16x16 = 0.0Mb
[2020.03.23-22.03.40:899][518]LogVolumetricLightmapImport:      BrickData (all levels) 0.0Mb
[2020.03.23-22.03.40:899][518]LogVolumetricLightmapImport:      Bricks at depth
[2020.03.23-22.03.40:899][518]LogVolumetricLightmapImport:          0: 16.7% covering 100.0% of volume
[2020.03.23-22.03.40:899][518]LogVolumetricLightmapImport:          1: 16.7% covering 1.6% of volume
[2020.03.23-22.03.40:899][518]LogVolumetricLightmapImport:          2: 66.7% covering 0.1% of volume
[2020.03.23-22.03.40:899][518]LogVolumetricLightmapImport:      Bricks in each level
[2020.03.23-22.03.40:899][518]LogVolumetricLightmapImport:          1-1 			 6 bricks 	 100.0% (Persistent Level)
[2020.03.23-22.03.40:930][518]LogTexture: Display: Building textures: HQ_Lightmap0_1 (AutoDXT, 256X256)
[2020.03.23-22.03.40:930][518]LogTexture: Display: Building textures: LQ_Lightmap_0_1 (DXT1, 256X256)
[2020.03.23-22.03.40:930][518]LogTexture: Display: Building textures: HQ_Lightmap0_2 (AutoDXT, 64X64)
[2020.03.23-22.03.40:930][518]LogTexture: Display: Building textures: LQ_Lightmap_0_2 (DXT1, 64X64)
[2020.03.23-22.03.40:930][518]LogTexture: Display: Building textures: ShadowMapTexture2D_1 (G8, 32X32)
[2020.03.23-22.03.40:930][518]LogTexture: Display: Building textures: ShadowMapTexture2D_0 (G8, 128X128)
[2020.03.23-22.03.40:930][518]LogStaticLightingSystem: 1-1_BuiltData storing lightmap data for 2 meshes in 2 LightmapResourceClusters (1.0 Meshes per cluster).
[2020.03.23-22.03.40:954][518]Lightmass on DESKTOP-OD1R1MD: 511 ms total, 102 ms importing, 15 ms setup, 41 ms photons, 303 ms processing, 0 ms extra exporting [2/2 mappings]. Threads: 2.12 sec total, 81 ms processing.
[2020.03.23-22.03.40:954][518]LogUObjectHash: Compacting FUObjectHashTables data took   0.49ms
[2020.03.23-22.03.40:994][518]LogStaticLightingSystem: Illumination: 9.63 sec (12 ms encoding lightmaps, 2 ms encoding shadowmaps)
[2020.03.23-22.03.40:994][518]LogStaticLightingSystem: Lightmap texture memory:  0.1 MB (0.1 MB streaming, 0.0 MB non-streaming), 4 textures
[2020.03.23-22.03.40:994][518]LogStaticLightingSystem: Shadowmap texture memory: 0.0 MB (0.0 MB streaming, 0.0 MB non-streaming), 2 textures
[2020.03.23-22.03.41:617][518]DumpUnbuiltLightIteractions
[2020.03.23-22.03.41:618][518]Lights with unbuilt interactions: 0
[2020.03.23-22.03.41:618][518]
[2020.03.23-22.03.41:618][518]Primitives with unbuilt interactions: 0
[2020.03.23-22.03.41:683][519]Cmd: MAP CHECK NOTIFYRESULTS
[2020.03.23-22.03.41:683][519]MapCheck: New page: 1-1 - Mar 23, 2020, 2:03:41 PM
[2020.03.23-22.03.41:683][519]MapCheck: Map check complete: 0 Error(s), 0 Warning(s), took 0.239ms to complete.
[2020.03.23-22.03.44:759][888]LogSlate: Window 'Message Log' being destroyed
[2020.03.23-22.03.44:762][888]LogSlate: Window 'Message Log' being destroyed
[2020.03.23-22.03.48:745][340]LogUObjectHash: Compacting FUObjectHashTables data took   1.14ms
[2020.03.23-22.03.48:764][340]Cmd: OBJ SAVEPACKAGE PACKAGE="/Game/levels/1-1" FILE="../../../../../../Users/Owner/Desktop/GitHubFolder/Blastronaut/Blastronaut/Content/levels/1-1.umap" SILENT=true AUTOSAVING=false KEEPDIRTY=false
[2020.03.23-22.03.48:787][340]LogUObjectHash: Compacting FUObjectHashTables data took   0.49ms
[2020.03.23-22.03.48:797][340]LogSavePackage: Moving '../../../../../../Users/Owner/Desktop/GitHubFolder/Blastronaut/Blastronaut/Saved/1-1B880984248E89330EDCE51A019404068.tmp' to '../../../../../../Users/Owner/Desktop/GitHubFolder/Blastronaut/Blastronaut/Content/levels/1-1.umap'
[2020.03.23-22.03.48:809][340]LogFileHelpers: Saving map '1-1' took 0.045
[2020.03.23-22.03.48:810][340]Cmd: OBJ SAVEPACKAGE PACKAGE="/Game/levels/1-1_BuiltData" FILE="../../../../../../Users/Owner/Desktop/GitHubFolder/Blastronaut/Blastronaut/Content/levels/1-1_BuiltData.uasset" SILENT=true
[2020.03.23-22.03.48:818][340]LogSavePackage: Moving '../../../../../../Users/Owner/Desktop/GitHubFolder/Blastronaut/Blastronaut/Saved/1-1_BuiltData00AC2BE14F3BC7F70FB35087A74C1A21.tmp' to '../../../../../../Users/Owner/Desktop/GitHubFolder/Blastronaut/Blastronaut/Content/levels/1-1_BuiltData.uasset'
[2020.03.23-22.03.48:830][340]AssetCheck: New page: Asset Save: multiple assets
[2020.03.23-22.03.48:830][340]LogContentValidation: Display: Validating World /Game/levels/1-1.1-1
[2020.03.23-22.03.48:830][340]LogContentValidation: Display: Validating MapBuildDataRegistry /Game/levels/1-1_BuiltData.1-1_BuiltData
[2020.03.23-22.05.39:515][189]LogSlate: Window 'Source Control Login' being destroyed
[2020.03.23-22.05.49:276][276]SourceControl: fatal: C:/Program Files/Epic Games/UE_4.24/Engine/Content: 'C:/Program Files/Epic Games/UE_4.24/Engine/Content' is outside repository at 'C:/Users/Owner/Desktop/GitHubFolder/Blastronaut'
[2020.03.23-22.05.49:349][276]LogPackageName: Error: Illegal call to DoesPackageExist: '../../../../../../Users/Owner/Desktop/GitHubFolder/Blastronaut/Blastronaut/Blastronaut.uproject' is not a standard unreal filename or a long path name. Reason: Path should start with a '/'
[2020.03.23-22.05.49:349][276]LogOutputDevice: Warning: 

Script Stack (0 frames):

[2020.03.23-22.05.49:448][276]LogStats: FPlatformStackWalk::StackWalkAndDump -  0.100 s
[2020.03.23-22.05.49:448][276]LogOutputDevice: Error: === Handled ensure: ===
[2020.03.23-22.05.49:448][276]LogOutputDevice: Error: 
[2020.03.23-22.05.49:448][276]LogOutputDevice: Error: Ensure condition failed: false [File:D:/Build/++UE4/Sync/Engine/Source/Runtime/CoreUObject/Private/Misc/PackageName.cpp] [Line: 873]
[2020.03.23-22.05.49:448][276]LogOutputDevice: Error: Illegal call to DoesPackageExist: '../../../../../../Users/Owner/Desktop/GitHubFolder/Blastronaut/Blastronaut/Blastronaut.uproject' is not a standard unreal filename or a long path name. Reason: Path should start with a '/'
[2020.03.23-22.05.49:448][276]LogOutputDevice: Error: Stack: 
[2020.03.23-22.05.49:448][276]LogOutputDevice: Error: [Callstack] 0x00007ffadb4680b7 UE4Editor-CoreUObject.dll!UnknownFunction []
[2020.03.23-22.05.49:448][276]LogOutputDevice: Error: [Callstack] 0x00007ffadb0b3bc1 UE4Editor-CoreUObject.dll!UnknownFunction []
[2020.03.23-22.05.49:448][276]LogOutputDevice: Error: [Callstack] 0x00007ffae61f6365 UE4Editor-SourceControl.dll!UnknownFunction []
[2020.03.23-22.05.49:448][276]LogOutputDevice: Error: [Callstack] 0x00007ffae61f64bc UE4Editor-SourceControl.dll!UnknownFunction []
[2020.03.23-22.05.49:448][276]LogOutputDevice: Error: [Callstack] 0x00007ffac91104f5 UE4Editor-SourceControlWindows.dll!UnknownFunction []
[2020.03.23-22.05.49:448][276]LogOutputDevice: Error: [Callstack] 0x00007ffac90c8e4d UE4Editor-SourceControlWindows.dll!UnknownFunction []
[2020.03.23-22.05.49:448][276]LogOutputDevice: Error: [Callstack] 0x00007ffac90c869a UE4Editor-SourceControlWindows.dll!UnknownFunction []
[2020.03.23-22.05.49:448][276]LogOutputDevice: Error: [Callstack] 0x00007ffac90e0da6 UE4Editor-SourceControlWindows.dll!UnknownFunction []
[2020.03.23-22.05.49:448][276]LogOutputDevice: Error: [Callstack] 0x00007ffabcfab4e3 UE4Editor-GitSourceControl.dll!UnknownFunction []
[2020.03.23-22.05.49:448][276]LogOutputDevice: Error: [Callstack] 0x00007ffabcfafe31 UE4Editor-GitSourceControl.dll!UnknownFunction []
[2020.03.23-22.05.49:448][276]LogOutputDevice: Error: [Callstack] 0x00007ffae61fade9 UE4Editor-SourceControl.dll!UnknownFunction []
[2020.03.23-22.05.49:448][276]LogOutputDevice: Error: [Callstack] 0x00007ffacfcbb479 UE4Editor-UnrealEd.dll!UnknownFunction []
[2020.03.23-22.05.49:448][276]LogOutputDevice: Error: [Callstack] 0x00007ffad051e476 UE4Editor-UnrealEd.dll!UnknownFunction []
[2020.03.23-22.05.49:448][276]LogOutputDevice: Error: [Callstack] 0x00007ff618657f62 UE4Editor.exe!UnknownFunction []
[2020.03.23-22.05.49:448][276]LogOutputDevice: Error: [Callstack] 0x00007ff61866c3ec UE4Editor.exe!UnknownFunction []
[2020.03.23-22.05.49:448][276]LogOutputDevice: Error: [Callstack] 0x00007ff61866c4ca UE4Editor.exe!UnknownFunction []
[2020.03.23-22.05.49:448][276]LogOutputDevice: Error: [Callstack] 0x00007ff61867ceae UE4Editor.exe!UnknownFunction []
[2020.03.23-22.05.49:448][276]LogOutputDevice: Error: [Callstack] 0x00007ff61867fcbe UE4Editor.exe!UnknownFunction []
[2020.03.23-22.05.49:448][276]LogOutputDevice: Error: [Callstack] 0x00007ffb36a27bd4 KERNEL32.DLL!UnknownFunction []
[2020.03.23-22.05.49:448][276]LogOutputDevice: Error: [Callstack] 0x00007ffb36d2ced1 ntdll.dll!UnknownFunction []
[2020.03.23-22.05.49:448][276]LogOutputDevice: Error: 
[2020.03.23-22.05.49:453][276]LogStats:                SubmitErrorReport -  0.000 s
[2020.03.23-22.05.50:301][276]LogStats:                    SendNewReport -  0.847 s
[2020.03.23-22.05.50:301][276]LogStats:             FDebug::EnsureFailed -  0.952 s
[2020.03.23-22.06.23:718][276]LogSlate: Window 'Submit Files' being destroyed
[2020.03.23-22.11.54:697][778]LogUObjectHash: Compacting FUObjectHashTables data took   1.36ms
[2020.03.23-22.11.54:773][778]Cmd: OBJ SAVEPACKAGE PACKAGE="/Game/levels/1-1" FILE="../../../../../../Users/Owner/Desktop/GitHubFolder/Blastronaut/Blastronaut/Content/levels/1-1.umap" SILENT=true AUTOSAVING=false KEEPDIRTY=false
[2020.03.23-22.11.54:797][778]LogUObjectHash: Compacting FUObjectHashTables data took   0.54ms
[2020.03.23-22.11.54:811][778]LogSavePackage: Moving '../../../../../../Users/Owner/Desktop/GitHubFolder/Blastronaut/Blastronaut/Saved/1-16F68227B4E5E2F86CB3B89A0C3ADC6A4.tmp' to '../../../../../../Users/Owner/Desktop/GitHubFolder/Blastronaut/Blastronaut/Content/levels/1-1.umap'
[2020.03.23-22.11.54:825][778]LogFileHelpers: Saving map '1-1' took 0.052
[2020.03.23-22.11.54:832][778]AssetCheck: New page: Asset Save: 1-1
[2020.03.23-22.11.54:832][778]LogContentValidation: Display: Validating World /Game/levels/1-1.1-1
[2020.03.23-22.12.08:513][801]LogSlate: Window 'Message' being destroyed
[2020.03.23-22.12.08:515][801]LogSlate: Window 'Save Level As' being destroyed
[2020.03.23-22.12.08:542][801]Cmd: OBJ SAVEPACKAGE PACKAGE="/Game/levels/1-1" FILE="../../../../../../Users/Owner/Desktop/GitHubFolder/Blastronaut/Blastronaut/Content/levels/1-1.umap" SILENT=true AUTOSAVING=false KEEPDIRTY=false
[2020.03.23-22.12.08:566][801]LogUObjectHash: Compacting FUObjectHashTables data took   1.01ms
[2020.03.23-22.12.08:577][801]LogSavePackage: Moving '../../../../../../Users/Owner/Desktop/GitHubFolder/Blastronaut/Blastronaut/Saved/1-162E64D3D4D7CE7749E1B4298ED4900F5.tmp' to '../../../../../../Users/Owner/Desktop/GitHubFolder/Blastronaut/Blastronaut/Content/levels/1-1.umap'
[2020.03.23-22.12.08:664][801]Cmd: OBJ SAVEPACKAGE PACKAGE="/Game/levels/1-1_BuiltData" FILE="../../../../../../Users/Owner/Desktop/GitHubFolder/Blastronaut/Blastronaut/Content/levels/1-1_BuiltData.uasset" SILENT=true
[2020.03.23-22.12.08:677][801]LogSavePackage: Moving '../../../../../../Users/Owner/Desktop/GitHubFolder/Blastronaut/Blastronaut/Saved/1-1_BuiltData29DF3D2D4EEF4EA21619BE986354ACF8.tmp' to '../../../../../../Users/Owner/Desktop/GitHubFolder/Blastronaut/Blastronaut/Content/levels/1-1_BuiltData.uasset'
[2020.03.23-22.12.08:680][801]LogFileHelpers: Saving map '1-1' took 0.161
[2020.03.23-22.12.08:681][801]Cmd: MAP LOAD FILE="../../../../../../Users/Owner/Desktop/GitHubFolder/Blastronaut/Blastronaut/Content/levels/1-1.umap" TEMPLATE=0 SHOWPROGRESS=1 FEATURELEVEL=3
[2020.03.23-22.12.08:690][801]LightingResults: New page: Lighting Build
[2020.03.23-22.12.08:691][801]LoadErrors: New page: Loading map: 1-1.umap
[2020.03.23-22.12.08:691][801]LogWorld: UWorld::CleanupWorld for 1-1, bSessionEnded=true, bCleanupResources=true
[2020.03.23-22.12.08:691][801]LogSlate: InvalidateAllWidgets triggered.  All widgets were invalidated
[2020.03.23-22.12.08:691][801]MapCheck: New page: Map Check
[2020.03.23-22.12.08:692][801]LightingResults: New page: Lighting Build
[2020.03.23-22.12.08:715][801]LogUObjectHash: Compacting FUObjectHashTables data took   1.18ms
[2020.03.23-22.12.08:720][801]LogAIModule: Creating AISystem for world 1-1
[2020.03.23-22.12.08:722][801]LogEditorServer: Finished looking for orphan Actors (0.000 secs)
[2020.03.23-22.12.08:746][801]LogUObjectHash: Compacting FUObjectHashTables data took   1.17ms
[2020.03.23-22.12.08:761][801]Cmd: MAP CHECKDEP NOCLEARLOG
[2020.03.23-22.12.08:762][801]MapCheck: Map check complete: 0 Error(s), 0 Warning(s), took 0.084ms to complete.
[2020.03.23-22.12.08:762][801]LogFileHelpers: Loading map '1-1' took 0.081
[2020.03.23-22.12.08:767][801]AssetCheck: New page: Asset Save: multiple assets
[2020.03.23-22.12.08:767][801]LogContentValidation: Display: Validating World /Game/levels/1-1.1-1
[2020.03.23-22.12.08:767][801]LogContentValidation: Display: Validating MapBuildDataRegistry /Game/levels/1-1_BuiltData.1-1_BuiltData
[2020.03.23-22.14.29:078][261]SourceControl: fatal: /Script: '/Script' is outside repository at 'C:/Users/Owner/Desktop/GitHubFolder/Blastronaut'
[2020.03.23-22.15.13:729][577]LogUObjectHash: Compacting FUObjectHashTables data took   1.06ms
[2020.03.23-22.15.20:886][427]LogSlate: Window 'Project Settings' being destroyed
[2020.03.23-22.15.20:890][427]LogSlate: Window 'Project Settings' being destroyed
[2020.03.23-22.15.51:068][995]SourceControl: fatal: C:/Program Files/Epic Games/UE_4.24/Engine/Content: 'C:/Program Files/Epic Games/UE_4.24/Engine/Content' is outside repository at 'C:/Users/Owner/Desktop/GitHubFolder/Blastronaut'
[2020.03.23-22.15.51:138][995]LogPackageName: Error: Illegal call to DoesPackageExist: '../../../../../../Users/Owner/Desktop/GitHubFolder/Blastronaut/Blastronaut/Blastronaut.uproject' is not a standard unreal filename or a long path name. Reason: Path should start with a '/'
[2020.03.23-22.16.27:387][995]LogSlate: Window 'Submit Files' being destroyed
[2020.03.23-22.16.27:656][995]SourceControl: Error: The following paths are ignored by one of your .gitignore files:
[2020.03.23-22.16.27:656][995]SourceControl: Error: Blastronaut/Content/levels/1-1_BuiltData.uasset
[2020.03.23-22.16.27:656][995]SourceControl: Error: hint: Use -f if you really want to add them.
[2020.03.23-22.16.27:656][995]SourceControl: Error: hint: Turn this message off by running
[2020.03.23-22.16.27:656][995]SourceControl: Error: hint: "git config advice.addIgnoredFile false"
[2020.03.23-22.16.27:826][995]SourceControl: Error: error: pathspec 'C:/Users/Owner/Desktop/GitHubFolder/Blastronaut/Blastronaut/Content/levels/1-1_BuiltData.uasset' did not match any file(s) known to git
[2020.03.23-22.16.40:377][432]LogSlate: Window 'Message Log' being destroyed
[2020.03.23-22.16.40:380][432]LogSlate: Window 'Message Log' being destroyed
